ERROR - 2023-11-21 05:09:15 --> Error connecting to the database: mysqli_sql_exception: Unknown database 'db_masjid2110003' in D:\SEMESTER 5\web2\prak1\system\Database\MySQLi\Connection.php:184
Stack trace:
#0 D:\SEMESTER 5\web2\prak1\system\Database\MySQLi\Connection.php(184): mysqli->real_connect('localhost', 'root', Object(SensitiveParameterValue), 'db_masjid211000...', 3306, '', 0)
#1 D:\SEMESTER 5\web2\prak1\system\Database\BaseConnection.php(391): CodeIgniter\Database\MySQLi\Connection->connect(false)
#2 D:\SEMESTER 5\web2\prak1\system\Database\BaseConnection.php(574): CodeIgniter\Database\BaseConnection->initialize()
#3 D:\SEMESTER 5\web2\prak1\system\Database\BaseBuilder.php(1615): CodeIgniter\Database\BaseConnection->query('SELECT *\nFROM `...', Array, false)
#4 D:\SEMESTER 5\web2\prak1\app\Models\ModelPengurus.php(13): CodeIgniter\Database\BaseBuilder->get()
#5 D:\SEMESTER 5\web2\prak1\app\Controllers\Pengurus.php(13): App\Models\ModelPengurus->getPengurus()
#6 D:\SEMESTER 5\web2\prak1\system\CodeIgniter.php(919): App\Controllers\Pengurus->index()
#7 D:\SEMESTER 5\web2\prak1\system\CodeIgniter.php(494): CodeIgniter\CodeIgniter->runController(Object(App\Controllers\Pengurus))
#8 D:\SEMESTER 5\web2\prak1\system\CodeIgniter.php(353): CodeIgniter\CodeIgniter->handleRequest(NULL, Object(Config\Cache), false)
#9 D:\SEMESTER 5\web2\prak1\public\index.php(79): CodeIgniter\CodeIgniter->run()
#10 D:\SEMESTER 5\web2\prak1\system\Commands\Server\rewrite.php(47): require_once('D:\\SEMESTER 5\\w...')
#11 {main}

Next CodeIgniter\Database\Exceptions\DatabaseException: Unknown database 'db_masjid2110003' in D:\SEMESTER 5\web2\prak1\system\Database\MySQLi\Connection.php:229
Stack trace:
#0 D:\SEMESTER 5\web2\prak1\system\Database\BaseConnection.php(391): CodeIgniter\Database\MySQLi\Connection->connect(false)
#1 D:\SEMESTER 5\web2\prak1\system\Database\BaseConnection.php(574): CodeIgniter\Database\BaseConnection->initialize()
#2 D:\SEMESTER 5\web2\prak1\system\Database\BaseBuilder.php(1615): CodeIgniter\Database\BaseConnection->query('SELECT *\nFROM `...', Array, false)
#3 D:\SEMESTER 5\web2\prak1\app\Models\ModelPengurus.php(13): CodeIgniter\Database\BaseBuilder->get()
#4 D:\SEMESTER 5\web2\prak1\app\Controllers\Pengurus.php(13): App\Models\ModelPengurus->getPengurus()
#5 D:\SEMESTER 5\web2\prak1\system\CodeIgniter.php(919): App\Controllers\Pengurus->index()
#6 D:\SEMESTER 5\web2\prak1\system\CodeIgniter.php(494): CodeIgniter\CodeIgniter->runController(Object(App\Controllers\Pengurus))
#7 D:\SEMESTER 5\web2\prak1\system\CodeIgniter.php(353): CodeIgniter\CodeIgniter->handleRequest(NULL, Object(Config\Cache), false)
#8 D:\SEMESTER 5\web2\prak1\public\index.php(79): CodeIgniter\CodeIgniter->run()
#9 D:\SEMESTER 5\web2\prak1\system\Commands\Server\rewrite.php(47): require_once('D:\\SEMESTER 5\\w...')
#10 {main}
CRITICAL - 2023-11-21 05:09:15 --> Unable to connect to the database.
Main connection [MySQLi]: Unknown database 'db_masjid2110003'
in SYSTEMPATH\Database\BaseConnection.php on line 427.
 1 SYSTEMPATH\Database\BaseConnection.php(574): CodeIgniter\Database\BaseConnection->initialize()
 2 SYSTEMPATH\Database\BaseBuilder.php(1615): CodeIgniter\Database\BaseConnection->query('SELECT *
FROM `tbl_pengurus`', [], false)
 3 APPPATH\Models\ModelPengurus.php(13): CodeIgniter\Database\BaseBuilder->get()
 4 APPPATH\Controllers\Pengurus.php(13): App\Models\ModelPengurus->getPengurus()
 5 SYSTEMPATH\CodeIgniter.php(919): App\Controllers\Pengurus->index()
 6 SYSTEMPATH\CodeIgniter.php(494): CodeIgniter\CodeIgniter->runController(Object(App\Controllers\Pengurus))
 7 SYSTEMPATH\CodeIgniter.php(353): CodeIgniter\CodeIgniter->handleRequest(null, Object(Config\Cache), false)
 8 FCPATH\index.php(79): CodeIgniter\CodeIgniter->run()
 9 SYSTEMPATH\Commands\Server\rewrite.php(47): require_once('D:\\SEMESTER 5\\web2\\prak1\\public\\index.php')
