INFO - 2023-12-27 06:34:59 --> Session: Class initialized using 'CodeIgniter\Session\Handlers\FileHandler' driver.
INFO - 2023-12-27 13:35:12 --> Session: Class initialized using 'CodeIgniter\Session\Handlers\FileHandler' driver.
ERROR - 2023-12-27 06:35:50 --> mysqli_sql_exception: Table 'db_masjid_2110026.tbl_kas_mesjid' doesn't exist in D:\Data Ridho\Kuliah Ridho\Semester 5\WEB - 2 Ridho Rahman 2110026\prak1\system\Database\MySQLi\Connection.php:306
Stack trace:
#0 D:\Data Ridho\Kuliah Ridho\Semester 5\WEB - 2 Ridho Rahman 2110026\prak1\system\Database\MySQLi\Connection.php(306): mysqli->query('SELECT *\nFROM `...', 0)
#1 D:\Data Ridho\Kuliah Ridho\Semester 5\WEB - 2 Ridho Rahman 2110026\prak1\system\Database\BaseConnection.php(692): CodeIgniter\Database\MySQLi\Connection->execute('SELECT *\nFROM `...')
#2 D:\Data Ridho\Kuliah Ridho\Semester 5\WEB - 2 Ridho Rahman 2110026\prak1\system\Database\BaseConnection.php(606): CodeIgniter\Database\BaseConnection->simpleQuery('SELECT *\nFROM `...')
#3 D:\Data Ridho\Kuliah Ridho\Semester 5\WEB - 2 Ridho Rahman 2110026\prak1\system\Database\BaseBuilder.php(1615): CodeIgniter\Database\BaseConnection->query('SELECT *\nFROM `...', Array, false)
#4 D:\Data Ridho\Kuliah Ridho\Semester 5\WEB - 2 Ridho Rahman 2110026\prak1\app\Models\ModelKasMasuk.php(12): CodeIgniter\Database\BaseBuilder->get()
#5 D:\Data Ridho\Kuliah Ridho\Semester 5\WEB - 2 Ridho Rahman 2110026\prak1\app\Controllers\Kasmasuk.php(13): App\Models\Modelkasmasuk->getkasmasuk()
#6 D:\Data Ridho\Kuliah Ridho\Semester 5\WEB - 2 Ridho Rahman 2110026\prak1\system\CodeIgniter.php(919): App\Controllers\Kasmasuk->index()
#7 D:\Data Ridho\Kuliah Ridho\Semester 5\WEB - 2 Ridho Rahman 2110026\prak1\system\CodeIgniter.php(494): CodeIgniter\CodeIgniter->runController(Object(App\Controllers\Kasmasuk))
#8 D:\Data Ridho\Kuliah Ridho\Semester 5\WEB - 2 Ridho Rahman 2110026\prak1\system\CodeIgniter.php(353): CodeIgniter\CodeIgniter->handleRequest(NULL, Object(Config\Cache), false)
#9 D:\Data Ridho\Kuliah Ridho\Semester 5\WEB - 2 Ridho Rahman 2110026\prak1\public\index.php(79): CodeIgniter\CodeIgniter->run()
#10 D:\Data Ridho\Kuliah Ridho\Semester 5\WEB - 2 Ridho Rahman 2110026\prak1\system\Commands\Server\rewrite.php(47): require_once('D:\\Data Ridho\\K...')
#11 {main}
CRITICAL - 2023-12-27 06:35:50 --> Table 'db_masjid_2110026.tbl_kas_mesjid' doesn't exist
in SYSTEMPATH\Database\BaseConnection.php on line 646.
 1 SYSTEMPATH\Database\BaseBuilder.php(1615): CodeIgniter\Database\BaseConnection->query('SELECT *
FROM `tbl_kas_mesjid`', [], false)
 2 APPPATH\Models\ModelKasMasuk.php(12): CodeIgniter\Database\BaseBuilder->get()
 3 APPPATH\Controllers\Kasmasuk.php(13): App\Models\Modelkasmasuk->getkasmasuk()
 4 SYSTEMPATH\CodeIgniter.php(919): App\Controllers\Kasmasuk->index()
 5 SYSTEMPATH\CodeIgniter.php(494): CodeIgniter\CodeIgniter->runController(Object(App\Controllers\Kasmasuk))
 6 SYSTEMPATH\CodeIgniter.php(353): CodeIgniter\CodeIgniter->handleRequest(null, Object(Config\Cache), false)
 7 FCPATH\index.php(79): CodeIgniter\CodeIgniter->run()
 8 SYSTEMPATH\Commands\Server\rewrite.php(47): require_once('D:\\Data Ridho\\Kuliah Ridho\\Semester 5\\WEB - 2 Ridho Rahman 2110026\\prak1\\public\\index.php')
CRITICAL - 2023-12-27 06:38:49 --> Invalid file: "kasmasuk/v_kasmasuk.php"
in SYSTEMPATH\Exceptions\FrameworkException.php on line 39.
 1 SYSTEMPATH\View\View.php(214): CodeIgniter\Exceptions\FrameworkException::forInvalidFile('kasmasuk/v_kasmasuk.php')
 2 SYSTEMPATH\Common.php(1188): CodeIgniter\View\View->render('kasmasuk/v_kasmasuk', [], true)
 3 APPPATH\Controllers\Kasmasuk.php(14): view('kasmasuk/v_kasmasuk', [...])
 4 SYSTEMPATH\CodeIgniter.php(919): App\Controllers\Kasmasuk->index()
 5 SYSTEMPATH\CodeIgniter.php(494): CodeIgniter\CodeIgniter->runController(Object(App\Controllers\Kasmasuk))
 6 SYSTEMPATH\CodeIgniter.php(353): CodeIgniter\CodeIgniter->handleRequest(null, Object(Config\Cache), false)
 7 FCPATH\index.php(79): CodeIgniter\CodeIgniter->run()
 8 SYSTEMPATH\Commands\Server\rewrite.php(47): require_once('D:\\Data Ridho\\Kuliah Ridho\\Semester 5\\WEB - 2 Ridho Rahman 2110026\\prak1\\public\\index.php')
INFO - 2023-12-27 13:39:19 --> Session: Class initialized using 'CodeIgniter\Session\Handlers\FileHandler' driver.
INFO - 2023-12-27 13:46:11 --> Session: Class initialized using 'CodeIgniter\Session\Handlers\FileHandler' driver.
CRITICAL - 2023-12-27 13:46:14 --> Undefined variable $kasmasuk
in APPPATH\Views\Kas\view_kaskeluar.php on line 89.
 1 APPPATH\Views\Kas\view_kaskeluar.php(89): CodeIgniter\Debug\Exceptions->errorHandler(2, 'Undefined variable $kasmasuk', 'D:\\Data Ridho\\Kuliah Ridho\\Semester 5\\WEB - 2 Ridho Rahman 2110026\\prak1\\app\\Views\\Kas\\view_kaskeluar.php', 89)
 2 SYSTEMPATH\View\View.php(226): include('D:\\Data Ridho\\Kuliah Ridho\\Semester 5\\WEB - 2 Ridho Rahman 2110026\\prak1\\app\\Views\\Kas\\view_kaskeluar.php')
 3 SYSTEMPATH\View\View.php(229): CodeIgniter\View\View->CodeIgniter\View\{closure}()
 4 SYSTEMPATH\Common.php(1188): CodeIgniter\View\View->render('kas/view_kaskeluar', [], true)
 5 APPPATH\Controllers\Kaskeluar.php(14): view('kas/view_kaskeluar', [...])
 6 SYSTEMPATH\CodeIgniter.php(919): App\Controllers\kaskeluar->index()
 7 SYSTEMPATH\CodeIgniter.php(494): CodeIgniter\CodeIgniter->runController(Object(App\Controllers\kaskeluar))
 8 SYSTEMPATH\CodeIgniter.php(353): CodeIgniter\CodeIgniter->handleRequest(null, Object(Config\Cache), false)
 9 FCPATH\index.php(79): CodeIgniter\CodeIgniter->run()
10 SYSTEMPATH\Commands\Server\rewrite.php(47): require_once('D:\\Data Ridho\\Kuliah Ridho\\Semester 5\\WEB - 2 Ridho Rahman 2110026\\prak1\\public\\index.php')
INFO - 2023-12-27 13:47:17 --> Session: Class initialized using 'CodeIgniter\Session\Handlers\FileHandler' driver.
INFO - 2023-12-27 13:51:39 --> Session: Class initialized using 'CodeIgniter\Session\Handlers\FileHandler' driver.
INFO - 2023-12-27 13:51:46 --> Session: Class initialized using 'CodeIgniter\Session\Handlers\FileHandler' driver.
INFO - 2023-12-27 13:52:08 --> Session: Class initialized using 'CodeIgniter\Session\Handlers\FileHandler' driver.
INFO - 2023-12-27 13:55:10 --> Session: Class initialized using 'CodeIgniter\Session\Handlers\FileHandler' driver.
INFO - 2023-12-27 13:55:18 --> Session: Class initialized using 'CodeIgniter\Session\Handlers\FileHandler' driver.
INFO - 2023-12-27 14:04:58 --> Session: Class initialized using 'CodeIgniter\Session\Handlers\FileHandler' driver.
INFO - 2023-12-27 14:05:54 --> Session: Class initialized using 'CodeIgniter\Session\Handlers\FileHandler' driver.
INFO - 2023-12-27 14:05:56 --> Session: Class initialized using 'CodeIgniter\Session\Handlers\FileHandler' driver.
INFO - 2023-12-27 14:06:28 --> Session: Class initialized using 'CodeIgniter\Session\Handlers\FileHandler' driver.
INFO - 2023-12-27 14:06:33 --> Session: Class initialized using 'CodeIgniter\Session\Handlers\FileHandler' driver.
INFO - 2023-12-27 14:07:01 --> Session: Class initialized using 'CodeIgniter\Session\Handlers\FileHandler' driver.
INFO - 2023-12-27 14:07:40 --> Session: Class initialized using 'CodeIgniter\Session\Handlers\FileHandler' driver.
INFO - 2023-12-27 14:10:00 --> Session: Class initialized using 'CodeIgniter\Session\Handlers\FileHandler' driver.
INFO - 2023-12-27 14:10:10 --> Session: Class initialized using 'CodeIgniter\Session\Handlers\FileHandler' driver.
INFO - 2023-12-27 14:10:14 --> Session: Class initialized using 'CodeIgniter\Session\Handlers\FileHandler' driver.
INFO - 2023-12-27 07:10:52 --> Session: Class initialized using 'CodeIgniter\Session\Handlers\FileHandler' driver.
INFO - 2023-12-27 07:11:09 --> Session: Class initialized using 'CodeIgniter\Session\Handlers\FileHandler' driver.
INFO - 2023-12-27 07:11:09 --> Session: Class initialized using 'CodeIgniter\Session\Handlers\FileHandler' driver.
INFO - 2023-12-27 07:11:19 --> Session: Class initialized using 'CodeIgniter\Session\Handlers\FileHandler' driver.
INFO - 2023-12-27 07:11:29 --> Session: Class initialized using 'CodeIgniter\Session\Handlers\FileHandler' driver.
INFO - 2023-12-27 07:11:29 --> Session: Class initialized using 'CodeIgniter\Session\Handlers\FileHandler' driver.
INFO - 2023-12-27 14:11:33 --> Session: Class initialized using 'CodeIgniter\Session\Handlers\FileHandler' driver.
INFO - 2023-12-27 07:11:40 --> Session: Class initialized using 'CodeIgniter\Session\Handlers\FileHandler' driver.
INFO - 2023-12-27 07:11:48 --> Session: Class initialized using 'CodeIgniter\Session\Handlers\FileHandler' driver.
INFO - 2023-12-27 07:11:48 --> Session: Class initialized using 'CodeIgniter\Session\Handlers\FileHandler' driver.
CRITICAL - 2023-12-27 07:27:05 --> syntax error, unexpected token "<", expecting end of file
in APPPATH\Views\Kas\view_kaskeluar.php on line 89.
 1 SYSTEMPATH\View\View.php(229): CodeIgniter\View\View->CodeIgniter\View\{closure}()
 2 SYSTEMPATH\Common.php(1188): CodeIgniter\View\View->render('kas/view_kaskeluar', [], true)
 3 APPPATH\Controllers\Kaskeluar.php(14): view('kas/view_kaskeluar', [...])
 4 SYSTEMPATH\CodeIgniter.php(919): App\Controllers\kaskeluar->index()
 5 SYSTEMPATH\CodeIgniter.php(494): CodeIgniter\CodeIgniter->runController(Object(App\Controllers\kaskeluar))
 6 SYSTEMPATH\CodeIgniter.php(353): CodeIgniter\CodeIgniter->handleRequest(null, Object(Config\Cache), false)
 7 FCPATH\index.php(79): CodeIgniter\CodeIgniter->run()
 8 SYSTEMPATH\Commands\Server\rewrite.php(47): require_once('D:\\Data Ridho\\Kuliah Ridho\\Semester 5\\WEB - 2 Ridho Rahman 2110026\\prak1\\public\\index.php')
CRITICAL - 2023-12-27 07:27:54 --> syntax error, unexpected token "<", expecting end of file
in APPPATH\Views\Kas\view_kaskeluar.php on line 89.
 1 SYSTEMPATH\View\View.php(229): CodeIgniter\View\View->CodeIgniter\View\{closure}()
 2 SYSTEMPATH\Common.php(1188): CodeIgniter\View\View->render('kas/view_kaskeluar', [], true)
 3 APPPATH\Controllers\Kaskeluar.php(14): view('kas/view_kaskeluar', [...])
 4 SYSTEMPATH\CodeIgniter.php(919): App\Controllers\kaskeluar->index()
 5 SYSTEMPATH\CodeIgniter.php(494): CodeIgniter\CodeIgniter->runController(Object(App\Controllers\kaskeluar))
 6 SYSTEMPATH\CodeIgniter.php(353): CodeIgniter\CodeIgniter->handleRequest(null, Object(Config\Cache), false)
 7 FCPATH\index.php(79): CodeIgniter\CodeIgniter->run()
 8 SYSTEMPATH\Commands\Server\rewrite.php(47): require_once('D:\\Data Ridho\\Kuliah Ridho\\Semester 5\\WEB - 2 Ridho Rahman 2110026\\prak1\\public\\index.php')
INFO - 2023-12-27 14:28:36 --> Session: Class initialized using 'CodeIgniter\Session\Handlers\FileHandler' driver.
INFO - 2023-12-27 14:29:05 --> Session: Class initialized using 'CodeIgniter\Session\Handlers\FileHandler' driver.
INFO - 2023-12-27 14:29:45 --> Session: Class initialized using 'CodeIgniter\Session\Handlers\FileHandler' driver.
INFO - 2023-12-27 14:31:03 --> Session: Class initialized using 'CodeIgniter\Session\Handlers\FileHandler' driver.
INFO - 2023-12-27 14:31:04 --> Session: Class initialized using 'CodeIgniter\Session\Handlers\FileHandler' driver.
INFO - 2023-12-27 14:31:42 --> Session: Class initialized using 'CodeIgniter\Session\Handlers\FileHandler' driver.
INFO - 2023-12-27 14:32:05 --> Session: Class initialized using 'CodeIgniter\Session\Handlers\FileHandler' driver.
INFO - 2023-12-27 14:33:50 --> Session: Class initialized using 'CodeIgniter\Session\Handlers\FileHandler' driver.
