ERROR - 2023-11-15 06:07:56 --> mysqli_sql_exception: Table 'db_masjid2110003.dokter' doesn't exist in D:\SEMESTER 5\web2\prak1\system\Database\MySQLi\Connection.php:306
Stack trace:
#0 D:\SEMESTER 5\web2\prak1\system\Database\MySQLi\Connection.php(306): mysqli->query('SELECT *\nFROM `...', 0)
#1 D:\SEMESTER 5\web2\prak1\system\Database\BaseConnection.php(692): CodeIgniter\Database\MySQLi\Connection->execute('SELECT *\nFROM `...')
#2 D:\SEMESTER 5\web2\prak1\system\Database\BaseConnection.php(606): CodeIgniter\Database\BaseConnection->simpleQuery('SELECT *\nFROM `...')
#3 D:\SEMESTER 5\web2\prak1\system\Database\BaseBuilder.php(1615): CodeIgniter\Database\BaseConnection->query('SELECT *\nFROM `...', Array, false)
#4 D:\SEMESTER 5\web2\prak1\app\Models\Dokter_model.php(11): CodeIgniter\Database\BaseBuilder->get()
#5 D:\SEMESTER 5\web2\prak1\app\Controllers\Dokter.php(11): App\Models\Dokter_model->getDokter()
#6 D:\SEMESTER 5\web2\prak1\system\CodeIgniter.php(919): App\Controllers\Dokter->index()
#7 D:\SEMESTER 5\web2\prak1\system\CodeIgniter.php(494): CodeIgniter\CodeIgniter->runController(Object(App\Controllers\Dokter))
#8 D:\SEMESTER 5\web2\prak1\system\CodeIgniter.php(353): CodeIgniter\CodeIgniter->handleRequest(NULL, Object(Config\Cache), false)
#9 D:\SEMESTER 5\web2\prak1\public\index.php(79): CodeIgniter\CodeIgniter->run()
#10 D:\SEMESTER 5\web2\prak1\system\Commands\Server\rewrite.php(47): require_once('D:\\SEMESTER 5\\w...')
#11 {main}
CRITICAL - 2023-11-15 06:07:56 --> Table 'db_masjid2110003.dokter' doesn't exist
in SYSTEMPATH\Database\BaseConnection.php on line 646.
 1 SYSTEMPATH\Database\BaseBuilder.php(1615): CodeIgniter\Database\BaseConnection->query('SELECT *
FROM `dokter`', [], false)
 2 APPPATH\Models\Dokter_model.php(11): CodeIgniter\Database\BaseBuilder->get()
 3 APPPATH\Controllers\Dokter.php(11): App\Models\Dokter_model->getDokter()
 4 SYSTEMPATH\CodeIgniter.php(919): App\Controllers\Dokter->index()
 5 SYSTEMPATH\CodeIgniter.php(494): CodeIgniter\CodeIgniter->runController(Object(App\Controllers\Dokter))
 6 SYSTEMPATH\CodeIgniter.php(353): CodeIgniter\CodeIgniter->handleRequest(null, Object(Config\Cache), false)
 7 FCPATH\index.php(79): CodeIgniter\CodeIgniter->run()
 8 SYSTEMPATH\Commands\Server\rewrite.php(47): require_once('D:\\SEMESTER 5\\web2\\prak1\\public\\index.php')
ERROR - 2023-11-15 06:49:25 --> Error connecting to the database: mysqli_sql_exception: Unknown database 'db_simrs01' in D:\SEMESTER 5\web2\prak1\system\Database\MySQLi\Connection.php:184
Stack trace:
#0 D:\SEMESTER 5\web2\prak1\system\Database\MySQLi\Connection.php(184): mysqli->real_connect('localhost', 'root', Object(SensitiveParameterValue), 'db_simrs01', 3306, '', 0)
#1 D:\SEMESTER 5\web2\prak1\system\Database\BaseConnection.php(391): CodeIgniter\Database\MySQLi\Connection->connect(false)
#2 D:\SEMESTER 5\web2\prak1\system\Database\BaseConnection.php(574): CodeIgniter\Database\BaseConnection->initialize()
#3 D:\SEMESTER 5\web2\prak1\system\Database\BaseBuilder.php(1615): CodeIgniter\Database\BaseConnection->query('SELECT *\nFROM `...', Array, false)
#4 D:\SEMESTER 5\web2\prak1\app\Models\Dokter_model.php(11): CodeIgniter\Database\BaseBuilder->get()
#5 D:\SEMESTER 5\web2\prak1\app\Controllers\Dokter.php(11): App\Models\Dokter_model->getDokter()
#6 D:\SEMESTER 5\web2\prak1\system\CodeIgniter.php(919): App\Controllers\Dokter->index()
#7 D:\SEMESTER 5\web2\prak1\system\CodeIgniter.php(494): CodeIgniter\CodeIgniter->runController(Object(App\Controllers\Dokter))
#8 D:\SEMESTER 5\web2\prak1\system\CodeIgniter.php(353): CodeIgniter\CodeIgniter->handleRequest(NULL, Object(Config\Cache), false)
#9 D:\SEMESTER 5\web2\prak1\public\index.php(79): CodeIgniter\CodeIgniter->run()
#10 D:\SEMESTER 5\web2\prak1\system\Commands\Server\rewrite.php(47): require_once('D:\\SEMESTER 5\\w...')
#11 {main}

Next CodeIgniter\Database\Exceptions\DatabaseException: Unknown database 'db_simrs01' in D:\SEMESTER 5\web2\prak1\system\Database\MySQLi\Connection.php:229
Stack trace:
#0 D:\SEMESTER 5\web2\prak1\system\Database\BaseConnection.php(391): CodeIgniter\Database\MySQLi\Connection->connect(false)
#1 D:\SEMESTER 5\web2\prak1\system\Database\BaseConnection.php(574): CodeIgniter\Database\BaseConnection->initialize()
#2 D:\SEMESTER 5\web2\prak1\system\Database\BaseBuilder.php(1615): CodeIgniter\Database\BaseConnection->query('SELECT *\nFROM `...', Array, false)
#3 D:\SEMESTER 5\web2\prak1\app\Models\Dokter_model.php(11): CodeIgniter\Database\BaseBuilder->get()
#4 D:\SEMESTER 5\web2\prak1\app\Controllers\Dokter.php(11): App\Models\Dokter_model->getDokter()
#5 D:\SEMESTER 5\web2\prak1\system\CodeIgniter.php(919): App\Controllers\Dokter->index()
#6 D:\SEMESTER 5\web2\prak1\system\CodeIgniter.php(494): CodeIgniter\CodeIgniter->runController(Object(App\Controllers\Dokter))
#7 D:\SEMESTER 5\web2\prak1\system\CodeIgniter.php(353): CodeIgniter\CodeIgniter->handleRequest(NULL, Object(Config\Cache), false)
#8 D:\SEMESTER 5\web2\prak1\public\index.php(79): CodeIgniter\CodeIgniter->run()
#9 D:\SEMESTER 5\web2\prak1\system\Commands\Server\rewrite.php(47): require_once('D:\\SEMESTER 5\\w...')
#10 {main}
CRITICAL - 2023-11-15 06:49:25 --> Unable to connect to the database.
Main connection [MySQLi]: Unknown database 'db_simrs01'
in SYSTEMPATH\Database\BaseConnection.php on line 427.
 1 SYSTEMPATH\Database\BaseConnection.php(574): CodeIgniter\Database\BaseConnection->initialize()
 2 SYSTEMPATH\Database\BaseBuilder.php(1615): CodeIgniter\Database\BaseConnection->query('SELECT *
FROM `dokter`', [], false)
 3 APPPATH\Models\Dokter_model.php(11): CodeIgniter\Database\BaseBuilder->get()
 4 APPPATH\Controllers\Dokter.php(11): App\Models\Dokter_model->getDokter()
 5 SYSTEMPATH\CodeIgniter.php(919): App\Controllers\Dokter->index()
 6 SYSTEMPATH\CodeIgniter.php(494): CodeIgniter\CodeIgniter->runController(Object(App\Controllers\Dokter))
 7 SYSTEMPATH\CodeIgniter.php(353): CodeIgniter\CodeIgniter->handleRequest(null, Object(Config\Cache), false)
 8 FCPATH\index.php(79): CodeIgniter\CodeIgniter->run()
 9 SYSTEMPATH\Commands\Server\rewrite.php(47): require_once('D:\\SEMESTER 5\\web2\\prak1\\public\\index.php')
ERROR - 2023-11-15 06:49:27 --> Error connecting to the database: mysqli_sql_exception: Unknown database 'db_simrs01' in D:\SEMESTER 5\web2\prak1\system\Database\MySQLi\Connection.php:184
Stack trace:
#0 D:\SEMESTER 5\web2\prak1\system\Database\MySQLi\Connection.php(184): mysqli->real_connect('localhost', 'root', Object(SensitiveParameterValue), 'db_simrs01', 3306, '', 0)
#1 D:\SEMESTER 5\web2\prak1\system\Database\BaseConnection.php(391): CodeIgniter\Database\MySQLi\Connection->connect(false)
#2 D:\SEMESTER 5\web2\prak1\system\Database\BaseConnection.php(574): CodeIgniter\Database\BaseConnection->initialize()
#3 D:\SEMESTER 5\web2\prak1\system\Database\BaseBuilder.php(1615): CodeIgniter\Database\BaseConnection->query('SELECT *\nFROM `...', Array, false)
#4 D:\SEMESTER 5\web2\prak1\app\Models\Dokter_model.php(11): CodeIgniter\Database\BaseBuilder->get()
#5 D:\SEMESTER 5\web2\prak1\app\Controllers\Dokter.php(11): App\Models\Dokter_model->getDokter()
#6 D:\SEMESTER 5\web2\prak1\system\CodeIgniter.php(919): App\Controllers\Dokter->index()
#7 D:\SEMESTER 5\web2\prak1\system\CodeIgniter.php(494): CodeIgniter\CodeIgniter->runController(Object(App\Controllers\Dokter))
#8 D:\SEMESTER 5\web2\prak1\system\CodeIgniter.php(353): CodeIgniter\CodeIgniter->handleRequest(NULL, Object(Config\Cache), false)
#9 D:\SEMESTER 5\web2\prak1\public\index.php(79): CodeIgniter\CodeIgniter->run()
#10 D:\SEMESTER 5\web2\prak1\system\Commands\Server\rewrite.php(47): require_once('D:\\SEMESTER 5\\w...')
#11 {main}

Next CodeIgniter\Database\Exceptions\DatabaseException: Unknown database 'db_simrs01' in D:\SEMESTER 5\web2\prak1\system\Database\MySQLi\Connection.php:229
Stack trace:
#0 D:\SEMESTER 5\web2\prak1\system\Database\BaseConnection.php(391): CodeIgniter\Database\MySQLi\Connection->connect(false)
#1 D:\SEMESTER 5\web2\prak1\system\Database\BaseConnection.php(574): CodeIgniter\Database\BaseConnection->initialize()
#2 D:\SEMESTER 5\web2\prak1\system\Database\BaseBuilder.php(1615): CodeIgniter\Database\BaseConnection->query('SELECT *\nFROM `...', Array, false)
#3 D:\SEMESTER 5\web2\prak1\app\Models\Dokter_model.php(11): CodeIgniter\Database\BaseBuilder->get()
#4 D:\SEMESTER 5\web2\prak1\app\Controllers\Dokter.php(11): App\Models\Dokter_model->getDokter()
#5 D:\SEMESTER 5\web2\prak1\system\CodeIgniter.php(919): App\Controllers\Dokter->index()
#6 D:\SEMESTER 5\web2\prak1\system\CodeIgniter.php(494): CodeIgniter\CodeIgniter->runController(Object(App\Controllers\Dokter))
#7 D:\SEMESTER 5\web2\prak1\system\CodeIgniter.php(353): CodeIgniter\CodeIgniter->handleRequest(NULL, Object(Config\Cache), false)
#8 D:\SEMESTER 5\web2\prak1\public\index.php(79): CodeIgniter\CodeIgniter->run()
#9 D:\SEMESTER 5\web2\prak1\system\Commands\Server\rewrite.php(47): require_once('D:\\SEMESTER 5\\w...')
#10 {main}
CRITICAL - 2023-11-15 06:49:27 --> Unable to connect to the database.
Main connection [MySQLi]: Unknown database 'db_simrs01'
in SYSTEMPATH\Database\BaseConnection.php on line 427.
 1 SYSTEMPATH\Database\BaseConnection.php(574): CodeIgniter\Database\BaseConnection->initialize()
 2 SYSTEMPATH\Database\BaseBuilder.php(1615): CodeIgniter\Database\BaseConnection->query('SELECT *
FROM `dokter`', [], false)
 3 APPPATH\Models\Dokter_model.php(11): CodeIgniter\Database\BaseBuilder->get()
 4 APPPATH\Controllers\Dokter.php(11): App\Models\Dokter_model->getDokter()
 5 SYSTEMPATH\CodeIgniter.php(919): App\Controllers\Dokter->index()
 6 SYSTEMPATH\CodeIgniter.php(494): CodeIgniter\CodeIgniter->runController(Object(App\Controllers\Dokter))
 7 SYSTEMPATH\CodeIgniter.php(353): CodeIgniter\CodeIgniter->handleRequest(null, Object(Config\Cache), false)
 8 FCPATH\index.php(79): CodeIgniter\CodeIgniter->run()
 9 SYSTEMPATH\Commands\Server\rewrite.php(47): require_once('D:\\SEMESTER 5\\web2\\prak1\\public\\index.php')
ERROR - 2023-11-15 06:50:22 --> Error connecting to the database: mysqli_sql_exception: Unknown database 'db_simrs01' in D:\SEMESTER 5\web2\prak1\system\Database\MySQLi\Connection.php:184
Stack trace:
#0 D:\SEMESTER 5\web2\prak1\system\Database\MySQLi\Connection.php(184): mysqli->real_connect('localhost', 'root', Object(SensitiveParameterValue), 'db_simrs01', 3306, '', 0)
#1 D:\SEMESTER 5\web2\prak1\system\Database\BaseConnection.php(391): CodeIgniter\Database\MySQLi\Connection->connect(false)
#2 D:\SEMESTER 5\web2\prak1\system\Database\BaseConnection.php(574): CodeIgniter\Database\BaseConnection->initialize()
#3 D:\SEMESTER 5\web2\prak1\system\Database\BaseBuilder.php(1615): CodeIgniter\Database\BaseConnection->query('SELECT *\nFROM `...', Array, false)
#4 D:\SEMESTER 5\web2\prak1\app\Models\Dokter_model.php(11): CodeIgniter\Database\BaseBuilder->get()
#5 D:\SEMESTER 5\web2\prak1\app\Controllers\Dokter.php(11): App\Models\Dokter_model->getDokter()
#6 D:\SEMESTER 5\web2\prak1\system\CodeIgniter.php(919): App\Controllers\Dokter->index()
#7 D:\SEMESTER 5\web2\prak1\system\CodeIgniter.php(494): CodeIgniter\CodeIgniter->runController(Object(App\Controllers\Dokter))
#8 D:\SEMESTER 5\web2\prak1\system\CodeIgniter.php(353): CodeIgniter\CodeIgniter->handleRequest(NULL, Object(Config\Cache), false)
#9 D:\SEMESTER 5\web2\prak1\public\index.php(79): CodeIgniter\CodeIgniter->run()
#10 D:\SEMESTER 5\web2\prak1\system\Commands\Server\rewrite.php(47): require_once('D:\\SEMESTER 5\\w...')
#11 {main}

Next CodeIgniter\Database\Exceptions\DatabaseException: Unknown database 'db_simrs01' in D:\SEMESTER 5\web2\prak1\system\Database\MySQLi\Connection.php:229
Stack trace:
#0 D:\SEMESTER 5\web2\prak1\system\Database\BaseConnection.php(391): CodeIgniter\Database\MySQLi\Connection->connect(false)
#1 D:\SEMESTER 5\web2\prak1\system\Database\BaseConnection.php(574): CodeIgniter\Database\BaseConnection->initialize()
#2 D:\SEMESTER 5\web2\prak1\system\Database\BaseBuilder.php(1615): CodeIgniter\Database\BaseConnection->query('SELECT *\nFROM `...', Array, false)
#3 D:\SEMESTER 5\web2\prak1\app\Models\Dokter_model.php(11): CodeIgniter\Database\BaseBuilder->get()
#4 D:\SEMESTER 5\web2\prak1\app\Controllers\Dokter.php(11): App\Models\Dokter_model->getDokter()
#5 D:\SEMESTER 5\web2\prak1\system\CodeIgniter.php(919): App\Controllers\Dokter->index()
#6 D:\SEMESTER 5\web2\prak1\system\CodeIgniter.php(494): CodeIgniter\CodeIgniter->runController(Object(App\Controllers\Dokter))
#7 D:\SEMESTER 5\web2\prak1\system\CodeIgniter.php(353): CodeIgniter\CodeIgniter->handleRequest(NULL, Object(Config\Cache), false)
#8 D:\SEMESTER 5\web2\prak1\public\index.php(79): CodeIgniter\CodeIgniter->run()
#9 D:\SEMESTER 5\web2\prak1\system\Commands\Server\rewrite.php(47): require_once('D:\\SEMESTER 5\\w...')
#10 {main}
CRITICAL - 2023-11-15 06:50:22 --> Unable to connect to the database.
Main connection [MySQLi]: Unknown database 'db_simrs01'
in SYSTEMPATH\Database\BaseConnection.php on line 427.
 1 SYSTEMPATH\Database\BaseConnection.php(574): CodeIgniter\Database\BaseConnection->initialize()
 2 SYSTEMPATH\Database\BaseBuilder.php(1615): CodeIgniter\Database\BaseConnection->query('SELECT *
FROM `dokter`', [], false)
 3 APPPATH\Models\Dokter_model.php(11): CodeIgniter\Database\BaseBuilder->get()
 4 APPPATH\Controllers\Dokter.php(11): App\Models\Dokter_model->getDokter()
 5 SYSTEMPATH\CodeIgniter.php(919): App\Controllers\Dokter->index()
 6 SYSTEMPATH\CodeIgniter.php(494): CodeIgniter\CodeIgniter->runController(Object(App\Controllers\Dokter))
 7 SYSTEMPATH\CodeIgniter.php(353): CodeIgniter\CodeIgniter->handleRequest(null, Object(Config\Cache), false)
 8 FCPATH\index.php(79): CodeIgniter\CodeIgniter->run()
 9 SYSTEMPATH\Commands\Server\rewrite.php(47): require_once('D:\\SEMESTER 5\\web2\\prak1\\public\\index.php')
ERROR - 2023-11-15 06:50:24 --> Error connecting to the database: mysqli_sql_exception: Unknown database 'db_simrs01' in D:\SEMESTER 5\web2\prak1\system\Database\MySQLi\Connection.php:184
Stack trace:
#0 D:\SEMESTER 5\web2\prak1\system\Database\MySQLi\Connection.php(184): mysqli->real_connect('localhost', 'root', Object(SensitiveParameterValue), 'db_simrs01', 3306, '', 0)
#1 D:\SEMESTER 5\web2\prak1\system\Database\BaseConnection.php(391): CodeIgniter\Database\MySQLi\Connection->connect(false)
#2 D:\SEMESTER 5\web2\prak1\system\Database\BaseConnection.php(574): CodeIgniter\Database\BaseConnection->initialize()
#3 D:\SEMESTER 5\web2\prak1\system\Database\BaseBuilder.php(1615): CodeIgniter\Database\BaseConnection->query('SELECT *\nFROM `...', Array, false)
#4 D:\SEMESTER 5\web2\prak1\app\Models\Dokter_model.php(11): CodeIgniter\Database\BaseBuilder->get()
#5 D:\SEMESTER 5\web2\prak1\app\Controllers\Dokter.php(11): App\Models\Dokter_model->getDokter()
#6 D:\SEMESTER 5\web2\prak1\system\CodeIgniter.php(919): App\Controllers\Dokter->index()
#7 D:\SEMESTER 5\web2\prak1\system\CodeIgniter.php(494): CodeIgniter\CodeIgniter->runController(Object(App\Controllers\Dokter))
#8 D:\SEMESTER 5\web2\prak1\system\CodeIgniter.php(353): CodeIgniter\CodeIgniter->handleRequest(NULL, Object(Config\Cache), false)
#9 D:\SEMESTER 5\web2\prak1\public\index.php(79): CodeIgniter\CodeIgniter->run()
#10 D:\SEMESTER 5\web2\prak1\system\Commands\Server\rewrite.php(47): require_once('D:\\SEMESTER 5\\w...')
#11 {main}

Next CodeIgniter\Database\Exceptions\DatabaseException: Unknown database 'db_simrs01' in D:\SEMESTER 5\web2\prak1\system\Database\MySQLi\Connection.php:229
Stack trace:
#0 D:\SEMESTER 5\web2\prak1\system\Database\BaseConnection.php(391): CodeIgniter\Database\MySQLi\Connection->connect(false)
#1 D:\SEMESTER 5\web2\prak1\system\Database\BaseConnection.php(574): CodeIgniter\Database\BaseConnection->initialize()
#2 D:\SEMESTER 5\web2\prak1\system\Database\BaseBuilder.php(1615): CodeIgniter\Database\BaseConnection->query('SELECT *\nFROM `...', Array, false)
#3 D:\SEMESTER 5\web2\prak1\app\Models\Dokter_model.php(11): CodeIgniter\Database\BaseBuilder->get()
#4 D:\SEMESTER 5\web2\prak1\app\Controllers\Dokter.php(11): App\Models\Dokter_model->getDokter()
#5 D:\SEMESTER 5\web2\prak1\system\CodeIgniter.php(919): App\Controllers\Dokter->index()
#6 D:\SEMESTER 5\web2\prak1\system\CodeIgniter.php(494): CodeIgniter\CodeIgniter->runController(Object(App\Controllers\Dokter))
#7 D:\SEMESTER 5\web2\prak1\system\CodeIgniter.php(353): CodeIgniter\CodeIgniter->handleRequest(NULL, Object(Config\Cache), false)
#8 D:\SEMESTER 5\web2\prak1\public\index.php(79): CodeIgniter\CodeIgniter->run()
#9 D:\SEMESTER 5\web2\prak1\system\Commands\Server\rewrite.php(47): require_once('D:\\SEMESTER 5\\w...')
#10 {main}
CRITICAL - 2023-11-15 06:50:24 --> Unable to connect to the database.
Main connection [MySQLi]: Unknown database 'db_simrs01'
in SYSTEMPATH\Database\BaseConnection.php on line 427.
 1 SYSTEMPATH\Database\BaseConnection.php(574): CodeIgniter\Database\BaseConnection->initialize()
 2 SYSTEMPATH\Database\BaseBuilder.php(1615): CodeIgniter\Database\BaseConnection->query('SELECT *
FROM `dokter`', [], false)
 3 APPPATH\Models\Dokter_model.php(11): CodeIgniter\Database\BaseBuilder->get()
 4 APPPATH\Controllers\Dokter.php(11): App\Models\Dokter_model->getDokter()
 5 SYSTEMPATH\CodeIgniter.php(919): App\Controllers\Dokter->index()
 6 SYSTEMPATH\CodeIgniter.php(494): CodeIgniter\CodeIgniter->runController(Object(App\Controllers\Dokter))
 7 SYSTEMPATH\CodeIgniter.php(353): CodeIgniter\CodeIgniter->handleRequest(null, Object(Config\Cache), false)
 8 FCPATH\index.php(79): CodeIgniter\CodeIgniter->run()
 9 SYSTEMPATH\Commands\Server\rewrite.php(47): require_once('D:\\SEMESTER 5\\web2\\prak1\\public\\index.php')
CRITICAL - 2023-11-15 07:09:32 --> Class "App\Models\ModelUser" not found
in APPPATH\Controllers\User.php on line 10.
 1 SYSTEMPATH\CodeIgniter.php(919): App\Controllers\User->index()
 2 SYSTEMPATH\CodeIgniter.php(494): CodeIgniter\CodeIgniter->runController(Object(App\Controllers\User))
 3 SYSTEMPATH\CodeIgniter.php(353): CodeIgniter\CodeIgniter->handleRequest(null, Object(Config\Cache), false)
 4 FCPATH\index.php(79): CodeIgniter\CodeIgniter->run()
 5 SYSTEMPATH\Commands\Server\rewrite.php(47): require_once('D:\\SEMESTER 5\\web2\\prak1\\public\\index.php')
ERROR - 2023-11-15 07:33:54 --> Error connecting to the database: mysqli_sql_exception: Unknown database 'db_simrs01' in D:\SEMESTER 5\web2\prak1\system\Database\MySQLi\Connection.php:184
Stack trace:
#0 D:\SEMESTER 5\web2\prak1\system\Database\MySQLi\Connection.php(184): mysqli->real_connect('localhost', 'root', Object(SensitiveParameterValue), 'db_simrs01', 3306, '', 0)
#1 D:\SEMESTER 5\web2\prak1\system\Database\BaseConnection.php(391): CodeIgniter\Database\MySQLi\Connection->connect(false)
#2 D:\SEMESTER 5\web2\prak1\system\Database\BaseConnection.php(574): CodeIgniter\Database\BaseConnection->initialize()
#3 D:\SEMESTER 5\web2\prak1\system\Database\BaseBuilder.php(1615): CodeIgniter\Database\BaseConnection->query('SELECT *\nFROM `...', Array, false)
#4 D:\SEMESTER 5\web2\prak1\app\Models\Dokter_model.php(11): CodeIgniter\Database\BaseBuilder->get()
#5 D:\SEMESTER 5\web2\prak1\app\Controllers\Dokter.php(11): App\Models\Dokter_model->getDokter()
#6 D:\SEMESTER 5\web2\prak1\system\CodeIgniter.php(919): App\Controllers\Dokter->index()
#7 D:\SEMESTER 5\web2\prak1\system\CodeIgniter.php(494): CodeIgniter\CodeIgniter->runController(Object(App\Controllers\Dokter))
#8 D:\SEMESTER 5\web2\prak1\system\CodeIgniter.php(353): CodeIgniter\CodeIgniter->handleRequest(NULL, Object(Config\Cache), false)
#9 D:\SEMESTER 5\web2\prak1\public\index.php(79): CodeIgniter\CodeIgniter->run()
#10 D:\SEMESTER 5\web2\prak1\system\Commands\Server\rewrite.php(47): require_once('D:\\SEMESTER 5\\w...')
#11 {main}

Next CodeIgniter\Database\Exceptions\DatabaseException: Unknown database 'db_simrs01' in D:\SEMESTER 5\web2\prak1\system\Database\MySQLi\Connection.php:229
Stack trace:
#0 D:\SEMESTER 5\web2\prak1\system\Database\BaseConnection.php(391): CodeIgniter\Database\MySQLi\Connection->connect(false)
#1 D:\SEMESTER 5\web2\prak1\system\Database\BaseConnection.php(574): CodeIgniter\Database\BaseConnection->initialize()
#2 D:\SEMESTER 5\web2\prak1\system\Database\BaseBuilder.php(1615): CodeIgniter\Database\BaseConnection->query('SELECT *\nFROM `...', Array, false)
#3 D:\SEMESTER 5\web2\prak1\app\Models\Dokter_model.php(11): CodeIgniter\Database\BaseBuilder->get()
#4 D:\SEMESTER 5\web2\prak1\app\Controllers\Dokter.php(11): App\Models\Dokter_model->getDokter()
#5 D:\SEMESTER 5\web2\prak1\system\CodeIgniter.php(919): App\Controllers\Dokter->index()
#6 D:\SEMESTER 5\web2\prak1\system\CodeIgniter.php(494): CodeIgniter\CodeIgniter->runController(Object(App\Controllers\Dokter))
#7 D:\SEMESTER 5\web2\prak1\system\CodeIgniter.php(353): CodeIgniter\CodeIgniter->handleRequest(NULL, Object(Config\Cache), false)
#8 D:\SEMESTER 5\web2\prak1\public\index.php(79): CodeIgniter\CodeIgniter->run()
#9 D:\SEMESTER 5\web2\prak1\system\Commands\Server\rewrite.php(47): require_once('D:\\SEMESTER 5\\w...')
#10 {main}
CRITICAL - 2023-11-15 07:33:54 --> Unable to connect to the database.
Main connection [MySQLi]: Unknown database 'db_simrs01'
in SYSTEMPATH\Database\BaseConnection.php on line 427.
 1 SYSTEMPATH\Database\BaseConnection.php(574): CodeIgniter\Database\BaseConnection->initialize()
 2 SYSTEMPATH\Database\BaseBuilder.php(1615): CodeIgniter\Database\BaseConnection->query('SELECT *
FROM `dokter`', [], false)
 3 APPPATH\Models\Dokter_model.php(11): CodeIgniter\Database\BaseBuilder->get()
 4 APPPATH\Controllers\Dokter.php(11): App\Models\Dokter_model->getDokter()
 5 SYSTEMPATH\CodeIgniter.php(919): App\Controllers\Dokter->index()
 6 SYSTEMPATH\CodeIgniter.php(494): CodeIgniter\CodeIgniter->runController(Object(App\Controllers\Dokter))
 7 SYSTEMPATH\CodeIgniter.php(353): CodeIgniter\CodeIgniter->handleRequest(null, Object(Config\Cache), false)
 8 FCPATH\index.php(79): CodeIgniter\CodeIgniter->run()
 9 SYSTEMPATH\Commands\Server\rewrite.php(47): require_once('D:\\SEMESTER 5\\web2\\prak1\\public\\index.php')
ERROR - 2023-11-15 07:33:56 --> Error connecting to the database: mysqli_sql_exception: Unknown database 'db_simrs01' in D:\SEMESTER 5\web2\prak1\system\Database\MySQLi\Connection.php:184
Stack trace:
#0 D:\SEMESTER 5\web2\prak1\system\Database\MySQLi\Connection.php(184): mysqli->real_connect('localhost', 'root', Object(SensitiveParameterValue), 'db_simrs01', 3306, '', 0)
#1 D:\SEMESTER 5\web2\prak1\system\Database\BaseConnection.php(391): CodeIgniter\Database\MySQLi\Connection->connect(false)
#2 D:\SEMESTER 5\web2\prak1\system\Database\BaseConnection.php(574): CodeIgniter\Database\BaseConnection->initialize()
#3 D:\SEMESTER 5\web2\prak1\system\Database\BaseBuilder.php(1615): CodeIgniter\Database\BaseConnection->query('SELECT *\nFROM `...', Array, false)
#4 D:\SEMESTER 5\web2\prak1\app\Models\Dokter_model.php(11): CodeIgniter\Database\BaseBuilder->get()
#5 D:\SEMESTER 5\web2\prak1\app\Controllers\Dokter.php(11): App\Models\Dokter_model->getDokter()
#6 D:\SEMESTER 5\web2\prak1\system\CodeIgniter.php(919): App\Controllers\Dokter->index()
#7 D:\SEMESTER 5\web2\prak1\system\CodeIgniter.php(494): CodeIgniter\CodeIgniter->runController(Object(App\Controllers\Dokter))
#8 D:\SEMESTER 5\web2\prak1\system\CodeIgniter.php(353): CodeIgniter\CodeIgniter->handleRequest(NULL, Object(Config\Cache), false)
#9 D:\SEMESTER 5\web2\prak1\public\index.php(79): CodeIgniter\CodeIgniter->run()
#10 D:\SEMESTER 5\web2\prak1\system\Commands\Server\rewrite.php(47): require_once('D:\\SEMESTER 5\\w...')
#11 {main}

Next CodeIgniter\Database\Exceptions\DatabaseException: Unknown database 'db_simrs01' in D:\SEMESTER 5\web2\prak1\system\Database\MySQLi\Connection.php:229
Stack trace:
#0 D:\SEMESTER 5\web2\prak1\system\Database\BaseConnection.php(391): CodeIgniter\Database\MySQLi\Connection->connect(false)
#1 D:\SEMESTER 5\web2\prak1\system\Database\BaseConnection.php(574): CodeIgniter\Database\BaseConnection->initialize()
#2 D:\SEMESTER 5\web2\prak1\system\Database\BaseBuilder.php(1615): CodeIgniter\Database\BaseConnection->query('SELECT *\nFROM `...', Array, false)
#3 D:\SEMESTER 5\web2\prak1\app\Models\Dokter_model.php(11): CodeIgniter\Database\BaseBuilder->get()
#4 D:\SEMESTER 5\web2\prak1\app\Controllers\Dokter.php(11): App\Models\Dokter_model->getDokter()
#5 D:\SEMESTER 5\web2\prak1\system\CodeIgniter.php(919): App\Controllers\Dokter->index()
#6 D:\SEMESTER 5\web2\prak1\system\CodeIgniter.php(494): CodeIgniter\CodeIgniter->runController(Object(App\Controllers\Dokter))
#7 D:\SEMESTER 5\web2\prak1\system\CodeIgniter.php(353): CodeIgniter\CodeIgniter->handleRequest(NULL, Object(Config\Cache), false)
#8 D:\SEMESTER 5\web2\prak1\public\index.php(79): CodeIgniter\CodeIgniter->run()
#9 D:\SEMESTER 5\web2\prak1\system\Commands\Server\rewrite.php(47): require_once('D:\\SEMESTER 5\\w...')
#10 {main}
CRITICAL - 2023-11-15 07:33:56 --> Unable to connect to the database.
Main connection [MySQLi]: Unknown database 'db_simrs01'
in SYSTEMPATH\Database\BaseConnection.php on line 427.
 1 SYSTEMPATH\Database\BaseConnection.php(574): CodeIgniter\Database\BaseConnection->initialize()
 2 SYSTEMPATH\Database\BaseBuilder.php(1615): CodeIgniter\Database\BaseConnection->query('SELECT *
FROM `dokter`', [], false)
 3 APPPATH\Models\Dokter_model.php(11): CodeIgniter\Database\BaseBuilder->get()
 4 APPPATH\Controllers\Dokter.php(11): App\Models\Dokter_model->getDokter()
 5 SYSTEMPATH\CodeIgniter.php(919): App\Controllers\Dokter->index()
 6 SYSTEMPATH\CodeIgniter.php(494): CodeIgniter\CodeIgniter->runController(Object(App\Controllers\Dokter))
 7 SYSTEMPATH\CodeIgniter.php(353): CodeIgniter\CodeIgniter->handleRequest(null, Object(Config\Cache), false)
 8 FCPATH\index.php(79): CodeIgniter\CodeIgniter->run()
 9 SYSTEMPATH\Commands\Server\rewrite.php(47): require_once('D:\\SEMESTER 5\\web2\\prak1\\public\\index.php')
