INFO - 2024-01-17 15:34:06 --> Session: Class initialized using 'CodeIgniter\Session\Handlers\FileHandler' driver.
INFO - 2024-01-17 15:34:28 --> Session: Class initialized using 'CodeIgniter\Session\Handlers\FileHandler' driver.
ERROR - 2024-01-17 08:34:48 --> mysqli_sql_exception: Cannot add or update a child row: a foreign key constraint fails (`dbdigitalmasjid`.`tbl_kas_masjid`, CONSTRAINT `tbl_kas_masjid_ibfk_1` FOREIGN KEY (`iddonaturmasjid`) REFERENCES `tbl_donatur` (`iddonatur`) ON UPDATE CASCADE) in D:\Data Ridho\Kuliah Ridho\Semester 5\WEB - 2 Ridho Rahman 2110026\DigitalMasjid\system\Database\MySQLi\Connection.php:306
Stack trace:
#0 D:\Data Ridho\Kuliah Ridho\Semester 5\WEB - 2 Ridho Rahman 2110026\DigitalMasjid\system\Database\MySQLi\Connection.php(306): mysqli->query('INSERT INTO `tb...', 0)
#1 D:\Data Ridho\Kuliah Ridho\Semester 5\WEB - 2 Ridho Rahman 2110026\DigitalMasjid\system\Database\BaseConnection.php(692): CodeIgniter\Database\MySQLi\Connection->execute('INSERT INTO `tb...')
#2 D:\Data Ridho\Kuliah Ridho\Semester 5\WEB - 2 Ridho Rahman 2110026\DigitalMasjid\system\Database\BaseConnection.php(606): CodeIgniter\Database\BaseConnection->simpleQuery('INSERT INTO `tb...')
#3 D:\Data Ridho\Kuliah Ridho\Semester 5\WEB - 2 Ridho Rahman 2110026\DigitalMasjid\system\Database\BaseBuilder.php(2308): CodeIgniter\Database\BaseConnection->query('INSERT INTO `tb...', Array, false)
#4 D:\Data Ridho\Kuliah Ridho\Semester 5\WEB - 2 Ridho Rahman 2110026\DigitalMasjid\app\Models\ModelKasMasuk.php(20): CodeIgniter\Database\BaseBuilder->insert(Array)
#5 D:\Data Ridho\Kuliah Ridho\Semester 5\WEB - 2 Ridho Rahman 2110026\DigitalMasjid\app\Controllers\Kasmasuk.php(34): App\Models\Modelkasmasuk->insertData(Array)
#6 D:\Data Ridho\Kuliah Ridho\Semester 5\WEB - 2 Ridho Rahman 2110026\DigitalMasjid\system\CodeIgniter.php(919): App\Controllers\Kasmasuk->save()
#7 D:\Data Ridho\Kuliah Ridho\Semester 5\WEB - 2 Ridho Rahman 2110026\DigitalMasjid\system\CodeIgniter.php(494): CodeIgniter\CodeIgniter->runController(Object(App\Controllers\Kasmasuk))
#8 D:\Data Ridho\Kuliah Ridho\Semester 5\WEB - 2 Ridho Rahman 2110026\DigitalMasjid\system\CodeIgniter.php(353): CodeIgniter\CodeIgniter->handleRequest(NULL, Object(Config\Cache), false)
#9 D:\Data Ridho\Kuliah Ridho\Semester 5\WEB - 2 Ridho Rahman 2110026\DigitalMasjid\public\index.php(79): CodeIgniter\CodeIgniter->run()
#10 D:\Data Ridho\Kuliah Ridho\Semester 5\WEB - 2 Ridho Rahman 2110026\DigitalMasjid\system\Commands\Server\rewrite.php(47): require_once('D:\\Data Ridho\\K...')
#11 {main}
CRITICAL - 2024-01-17 08:34:48 --> Cannot add or update a child row: a foreign key constraint fails (`dbdigitalmasjid`.`tbl_kas_masjid`, CONSTRAINT `tbl_kas_masjid_ibfk_1` FOREIGN KEY (`iddonaturmasjid`) REFERENCES `tbl_donatur` (`iddonatur`) ON UPDATE CASCADE)
in SYSTEMPATH\Database\BaseConnection.php on line 646.
 1 SYSTEMPATH\Database\BaseBuilder.php(2308): CodeIgniter\Database\BaseConnection->query('INSERT INTO `tbl_kas_masjid` (`tanggal`, `ket`, `kas_masuk`, `kas_keluar`, `jenis_kas`, `status`, `iddonaturmasjid`) VALUES (:tanggal:, :ket:, :kas_masuk:, :kas_keluar:, :jenis_kas:, :status:, :iddonaturmasjid:)', [...], false)
 2 APPPATH\Models\ModelKasMasuk.php(20): CodeIgniter\Database\BaseBuilder->insert([...])
 3 APPPATH\Controllers\Kasmasuk.php(34): App\Models\Modelkasmasuk->insertData([...])
 4 SYSTEMPATH\CodeIgniter.php(919): App\Controllers\Kasmasuk->save()
 5 SYSTEMPATH\CodeIgniter.php(494): CodeIgniter\CodeIgniter->runController(Object(App\Controllers\Kasmasuk))
 6 SYSTEMPATH\CodeIgniter.php(353): CodeIgniter\CodeIgniter->handleRequest(null, Object(Config\Cache), false)
 7 FCPATH\index.php(79): CodeIgniter\CodeIgniter->run()
 8 SYSTEMPATH\Commands\Server\rewrite.php(47): require_once('D:\\Data Ridho\\Kuliah Ridho\\Semester 5\\WEB - 2 Ridho Rahman 2110026\\DigitalMasjid\\public\\index.php')
ERROR - 2024-01-17 08:42:46 --> mysqli_sql_exception: Cannot add or update a child row: a foreign key constraint fails (`dbdigitalmasjid`.`tbl_kas_masjid`, CONSTRAINT `tbl_kas_masjid_ibfk_1` FOREIGN KEY (`iddonaturmasjid`) REFERENCES `tbl_donatur` (`iddonatur`) ON UPDATE CASCADE) in D:\Data Ridho\Kuliah Ridho\Semester 5\WEB - 2 Ridho Rahman 2110026\DigitalMasjid\system\Database\MySQLi\Connection.php:306
Stack trace:
#0 D:\Data Ridho\Kuliah Ridho\Semester 5\WEB - 2 Ridho Rahman 2110026\DigitalMasjid\system\Database\MySQLi\Connection.php(306): mysqli->query('INSERT INTO `tb...', 0)
#1 D:\Data Ridho\Kuliah Ridho\Semester 5\WEB - 2 Ridho Rahman 2110026\DigitalMasjid\system\Database\BaseConnection.php(692): CodeIgniter\Database\MySQLi\Connection->execute('INSERT INTO `tb...')
#2 D:\Data Ridho\Kuliah Ridho\Semester 5\WEB - 2 Ridho Rahman 2110026\DigitalMasjid\system\Database\BaseConnection.php(606): CodeIgniter\Database\BaseConnection->simpleQuery('INSERT INTO `tb...')
#3 D:\Data Ridho\Kuliah Ridho\Semester 5\WEB - 2 Ridho Rahman 2110026\DigitalMasjid\system\Database\BaseBuilder.php(2308): CodeIgniter\Database\BaseConnection->query('INSERT INTO `tb...', Array, false)
#4 D:\Data Ridho\Kuliah Ridho\Semester 5\WEB - 2 Ridho Rahman 2110026\DigitalMasjid\app\Models\ModelKasMasuk.php(20): CodeIgniter\Database\BaseBuilder->insert(Array)
#5 D:\Data Ridho\Kuliah Ridho\Semester 5\WEB - 2 Ridho Rahman 2110026\DigitalMasjid\app\Controllers\Kasmasuk.php(34): App\Models\Modelkasmasuk->insertData(Array)
#6 D:\Data Ridho\Kuliah Ridho\Semester 5\WEB - 2 Ridho Rahman 2110026\DigitalMasjid\system\CodeIgniter.php(919): App\Controllers\Kasmasuk->save()
#7 D:\Data Ridho\Kuliah Ridho\Semester 5\WEB - 2 Ridho Rahman 2110026\DigitalMasjid\system\CodeIgniter.php(494): CodeIgniter\CodeIgniter->runController(Object(App\Controllers\Kasmasuk))
#8 D:\Data Ridho\Kuliah Ridho\Semester 5\WEB - 2 Ridho Rahman 2110026\DigitalMasjid\system\CodeIgniter.php(353): CodeIgniter\CodeIgniter->handleRequest(NULL, Object(Config\Cache), false)
#9 D:\Data Ridho\Kuliah Ridho\Semester 5\WEB - 2 Ridho Rahman 2110026\DigitalMasjid\public\index.php(79): CodeIgniter\CodeIgniter->run()
#10 D:\Data Ridho\Kuliah Ridho\Semester 5\WEB - 2 Ridho Rahman 2110026\DigitalMasjid\system\Commands\Server\rewrite.php(47): require_once('D:\\Data Ridho\\K...')
#11 {main}
CRITICAL - 2024-01-17 08:42:46 --> Cannot add or update a child row: a foreign key constraint fails (`dbdigitalmasjid`.`tbl_kas_masjid`, CONSTRAINT `tbl_kas_masjid_ibfk_1` FOREIGN KEY (`iddonaturmasjid`) REFERENCES `tbl_donatur` (`iddonatur`) ON UPDATE CASCADE)
in SYSTEMPATH\Database\BaseConnection.php on line 646.
 1 SYSTEMPATH\Database\BaseBuilder.php(2308): CodeIgniter\Database\BaseConnection->query('INSERT INTO `tbl_kas_masjid` (`tanggal`, `ket`, `kas_masuk`, `kas_keluar`, `jenis_kas`, `status`, `iddonaturmasjid`) VALUES (:tanggal:, :ket:, :kas_masuk:, :kas_keluar:, :jenis_kas:, :status:, :iddonaturmasjid:)', [...], false)
 2 APPPATH\Models\ModelKasMasuk.php(20): CodeIgniter\Database\BaseBuilder->insert([...])
 3 APPPATH\Controllers\Kasmasuk.php(34): App\Models\Modelkasmasuk->insertData([...])
 4 SYSTEMPATH\CodeIgniter.php(919): App\Controllers\Kasmasuk->save()
 5 SYSTEMPATH\CodeIgniter.php(494): CodeIgniter\CodeIgniter->runController(Object(App\Controllers\Kasmasuk))
 6 SYSTEMPATH\CodeIgniter.php(353): CodeIgniter\CodeIgniter->handleRequest(null, Object(Config\Cache), false)
 7 FCPATH\index.php(79): CodeIgniter\CodeIgniter->run()
 8 SYSTEMPATH\Commands\Server\rewrite.php(47): require_once('D:\\Data Ridho\\Kuliah Ridho\\Semester 5\\WEB - 2 Ridho Rahman 2110026\\DigitalMasjid\\public\\index.php')
INFO - 2024-01-17 15:42:49 --> Session: Class initialized using 'CodeIgniter\Session\Handlers\FileHandler' driver.
INFO - 2024-01-17 15:42:56 --> Session: Class initialized using 'CodeIgniter\Session\Handlers\FileHandler' driver.
ERROR - 2024-01-17 08:43:21 --> mysqli_sql_exception: Cannot add or update a child row: a foreign key constraint fails (`dbdigitalmasjid`.`tbl_kas_masjid`, CONSTRAINT `tbl_kas_masjid_ibfk_1` FOREIGN KEY (`iddonaturmasjid`) REFERENCES `tbl_donatur` (`iddonatur`) ON UPDATE CASCADE) in D:\Data Ridho\Kuliah Ridho\Semester 5\WEB - 2 Ridho Rahman 2110026\DigitalMasjid\system\Database\MySQLi\Connection.php:306
Stack trace:
#0 D:\Data Ridho\Kuliah Ridho\Semester 5\WEB - 2 Ridho Rahman 2110026\DigitalMasjid\system\Database\MySQLi\Connection.php(306): mysqli->query('INSERT INTO `tb...', 0)
#1 D:\Data Ridho\Kuliah Ridho\Semester 5\WEB - 2 Ridho Rahman 2110026\DigitalMasjid\system\Database\BaseConnection.php(692): CodeIgniter\Database\MySQLi\Connection->execute('INSERT INTO `tb...')
#2 D:\Data Ridho\Kuliah Ridho\Semester 5\WEB - 2 Ridho Rahman 2110026\DigitalMasjid\system\Database\BaseConnection.php(606): CodeIgniter\Database\BaseConnection->simpleQuery('INSERT INTO `tb...')
#3 D:\Data Ridho\Kuliah Ridho\Semester 5\WEB - 2 Ridho Rahman 2110026\DigitalMasjid\system\Database\BaseBuilder.php(2308): CodeIgniter\Database\BaseConnection->query('INSERT INTO `tb...', Array, false)
#4 D:\Data Ridho\Kuliah Ridho\Semester 5\WEB - 2 Ridho Rahman 2110026\DigitalMasjid\app\Models\ModelKasMasuk.php(20): CodeIgniter\Database\BaseBuilder->insert(Array)
#5 D:\Data Ridho\Kuliah Ridho\Semester 5\WEB - 2 Ridho Rahman 2110026\DigitalMasjid\app\Controllers\Kasmasuk.php(34): App\Models\Modelkasmasuk->insertData(Array)
#6 D:\Data Ridho\Kuliah Ridho\Semester 5\WEB - 2 Ridho Rahman 2110026\DigitalMasjid\system\CodeIgniter.php(919): App\Controllers\Kasmasuk->save()
#7 D:\Data Ridho\Kuliah Ridho\Semester 5\WEB - 2 Ridho Rahman 2110026\DigitalMasjid\system\CodeIgniter.php(494): CodeIgniter\CodeIgniter->runController(Object(App\Controllers\Kasmasuk))
#8 D:\Data Ridho\Kuliah Ridho\Semester 5\WEB - 2 Ridho Rahman 2110026\DigitalMasjid\system\CodeIgniter.php(353): CodeIgniter\CodeIgniter->handleRequest(NULL, Object(Config\Cache), false)
#9 D:\Data Ridho\Kuliah Ridho\Semester 5\WEB - 2 Ridho Rahman 2110026\DigitalMasjid\public\index.php(79): CodeIgniter\CodeIgniter->run()
#10 D:\Data Ridho\Kuliah Ridho\Semester 5\WEB - 2 Ridho Rahman 2110026\DigitalMasjid\system\Commands\Server\rewrite.php(47): require_once('D:\\Data Ridho\\K...')
#11 {main}
CRITICAL - 2024-01-17 08:43:21 --> Cannot add or update a child row: a foreign key constraint fails (`dbdigitalmasjid`.`tbl_kas_masjid`, CONSTRAINT `tbl_kas_masjid_ibfk_1` FOREIGN KEY (`iddonaturmasjid`) REFERENCES `tbl_donatur` (`iddonatur`) ON UPDATE CASCADE)
in SYSTEMPATH\Database\BaseConnection.php on line 646.
 1 SYSTEMPATH\Database\BaseBuilder.php(2308): CodeIgniter\Database\BaseConnection->query('INSERT INTO `tbl_kas_masjid` (`tanggal`, `ket`, `kas_masuk`, `kas_keluar`, `jenis_kas`, `status`, `iddonaturmasjid`) VALUES (:tanggal:, :ket:, :kas_masuk:, :kas_keluar:, :jenis_kas:, :status:, :iddonaturmasjid:)', [...], false)
 2 APPPATH\Models\ModelKasMasuk.php(20): CodeIgniter\Database\BaseBuilder->insert([...])
 3 APPPATH\Controllers\Kasmasuk.php(34): App\Models\Modelkasmasuk->insertData([...])
 4 SYSTEMPATH\CodeIgniter.php(919): App\Controllers\Kasmasuk->save()
 5 SYSTEMPATH\CodeIgniter.php(494): CodeIgniter\CodeIgniter->runController(Object(App\Controllers\Kasmasuk))
 6 SYSTEMPATH\CodeIgniter.php(353): CodeIgniter\CodeIgniter->handleRequest(null, Object(Config\Cache), false)
 7 FCPATH\index.php(79): CodeIgniter\CodeIgniter->run()
 8 SYSTEMPATH\Commands\Server\rewrite.php(47): require_once('D:\\Data Ridho\\Kuliah Ridho\\Semester 5\\WEB - 2 Ridho Rahman 2110026\\DigitalMasjid\\public\\index.php')
ERROR - 2024-01-17 08:51:40 --> mysqli_sql_exception: Cannot add or update a child row: a foreign key constraint fails (`dbdigitalmasjid`.`tbl_kas_masjid`, CONSTRAINT `tbl_kas_masjid_ibfk_1` FOREIGN KEY (`iddonaturmasjid`) REFERENCES `tbl_donatur` (`iddonatur`) ON UPDATE CASCADE) in D:\Data Ridho\Kuliah Ridho\Semester 5\WEB - 2 Ridho Rahman 2110026\DigitalMasjid\system\Database\MySQLi\Connection.php:306
Stack trace:
#0 D:\Data Ridho\Kuliah Ridho\Semester 5\WEB - 2 Ridho Rahman 2110026\DigitalMasjid\system\Database\MySQLi\Connection.php(306): mysqli->query('INSERT INTO `tb...', 0)
#1 D:\Data Ridho\Kuliah Ridho\Semester 5\WEB - 2 Ridho Rahman 2110026\DigitalMasjid\system\Database\BaseConnection.php(692): CodeIgniter\Database\MySQLi\Connection->execute('INSERT INTO `tb...')
#2 D:\Data Ridho\Kuliah Ridho\Semester 5\WEB - 2 Ridho Rahman 2110026\DigitalMasjid\system\Database\BaseConnection.php(606): CodeIgniter\Database\BaseConnection->simpleQuery('INSERT INTO `tb...')
#3 D:\Data Ridho\Kuliah Ridho\Semester 5\WEB - 2 Ridho Rahman 2110026\DigitalMasjid\system\Database\BaseBuilder.php(2308): CodeIgniter\Database\BaseConnection->query('INSERT INTO `tb...', Array, false)
#4 D:\Data Ridho\Kuliah Ridho\Semester 5\WEB - 2 Ridho Rahman 2110026\DigitalMasjid\app\Models\ModelKasMasuk.php(20): CodeIgniter\Database\BaseBuilder->insert(Array)
#5 D:\Data Ridho\Kuliah Ridho\Semester 5\WEB - 2 Ridho Rahman 2110026\DigitalMasjid\app\Controllers\Kasmasuk.php(35): App\Models\Modelkasmasuk->insertData(Array)
#6 D:\Data Ridho\Kuliah Ridho\Semester 5\WEB - 2 Ridho Rahman 2110026\DigitalMasjid\system\CodeIgniter.php(919): App\Controllers\Kasmasuk->save()
#7 D:\Data Ridho\Kuliah Ridho\Semester 5\WEB - 2 Ridho Rahman 2110026\DigitalMasjid\system\CodeIgniter.php(494): CodeIgniter\CodeIgniter->runController(Object(App\Controllers\Kasmasuk))
#8 D:\Data Ridho\Kuliah Ridho\Semester 5\WEB - 2 Ridho Rahman 2110026\DigitalMasjid\system\CodeIgniter.php(353): CodeIgniter\CodeIgniter->handleRequest(NULL, Object(Config\Cache), false)
#9 D:\Data Ridho\Kuliah Ridho\Semester 5\WEB - 2 Ridho Rahman 2110026\DigitalMasjid\public\index.php(79): CodeIgniter\CodeIgniter->run()
#10 D:\Data Ridho\Kuliah Ridho\Semester 5\WEB - 2 Ridho Rahman 2110026\DigitalMasjid\system\Commands\Server\rewrite.php(47): require_once('D:\\Data Ridho\\K...')
#11 {main}
CRITICAL - 2024-01-17 08:51:40 --> Cannot add or update a child row: a foreign key constraint fails (`dbdigitalmasjid`.`tbl_kas_masjid`, CONSTRAINT `tbl_kas_masjid_ibfk_1` FOREIGN KEY (`iddonaturmasjid`) REFERENCES `tbl_donatur` (`iddonatur`) ON UPDATE CASCADE)
in SYSTEMPATH\Database\BaseConnection.php on line 646.
 1 SYSTEMPATH\Database\BaseBuilder.php(2308): CodeIgniter\Database\BaseConnection->query('INSERT INTO `tbl_kas_masjid` (`tanggal`, `ket`, `kas_masuk`, `kas_keluar`, `jenis_kas`, `status`, `iddonaturmasjid`, `idkegiatan`) VALUES (:tanggal:, :ket:, :kas_masuk:, :kas_keluar:, :jenis_kas:, :status:, :iddonaturmasjid:, :idkegiatan:)', [...], false)
 2 APPPATH\Models\ModelKasMasuk.php(20): CodeIgniter\Database\BaseBuilder->insert([...])
 3 APPPATH\Controllers\Kasmasuk.php(35): App\Models\Modelkasmasuk->insertData([...])
 4 SYSTEMPATH\CodeIgniter.php(919): App\Controllers\Kasmasuk->save()
 5 SYSTEMPATH\CodeIgniter.php(494): CodeIgniter\CodeIgniter->runController(Object(App\Controllers\Kasmasuk))
 6 SYSTEMPATH\CodeIgniter.php(353): CodeIgniter\CodeIgniter->handleRequest(null, Object(Config\Cache), false)
 7 FCPATH\index.php(79): CodeIgniter\CodeIgniter->run()
 8 SYSTEMPATH\Commands\Server\rewrite.php(47): require_once('D:\\Data Ridho\\Kuliah Ridho\\Semester 5\\WEB - 2 Ridho Rahman 2110026\\DigitalMasjid\\public\\index.php')
INFO - 2024-01-17 15:51:46 --> Session: Class initialized using 'CodeIgniter\Session\Handlers\FileHandler' driver.
INFO - 2024-01-17 15:53:07 --> Session: Class initialized using 'CodeIgniter\Session\Handlers\FileHandler' driver.
INFO - 2024-01-17 15:53:34 --> Session: Class initialized using 'CodeIgniter\Session\Handlers\FileHandler' driver.
INFO - 2024-01-17 15:54:49 --> Session: Class initialized using 'CodeIgniter\Session\Handlers\FileHandler' driver.
ERROR - 2024-01-17 08:55:45 --> mysqli_sql_exception: Cannot add or update a child row: a foreign key constraint fails (`dbdigitalmasjid`.`tbl_kas_masjid`, CONSTRAINT `tbl_kas_masjid_ibfk_1` FOREIGN KEY (`iddonaturmasjid`) REFERENCES `tbl_donatur` (`iddonatur`) ON UPDATE CASCADE) in D:\Data Ridho\Kuliah Ridho\Semester 5\WEB - 2 Ridho Rahman 2110026\DigitalMasjid\system\Database\MySQLi\Connection.php:306
Stack trace:
#0 D:\Data Ridho\Kuliah Ridho\Semester 5\WEB - 2 Ridho Rahman 2110026\DigitalMasjid\system\Database\MySQLi\Connection.php(306): mysqli->query('INSERT INTO `tb...', 0)
#1 D:\Data Ridho\Kuliah Ridho\Semester 5\WEB - 2 Ridho Rahman 2110026\DigitalMasjid\system\Database\BaseConnection.php(692): CodeIgniter\Database\MySQLi\Connection->execute('INSERT INTO `tb...')
#2 D:\Data Ridho\Kuliah Ridho\Semester 5\WEB - 2 Ridho Rahman 2110026\DigitalMasjid\system\Database\BaseConnection.php(606): CodeIgniter\Database\BaseConnection->simpleQuery('INSERT INTO `tb...')
#3 D:\Data Ridho\Kuliah Ridho\Semester 5\WEB - 2 Ridho Rahman 2110026\DigitalMasjid\system\Database\BaseBuilder.php(2308): CodeIgniter\Database\BaseConnection->query('INSERT INTO `tb...', Array, false)
#4 D:\Data Ridho\Kuliah Ridho\Semester 5\WEB - 2 Ridho Rahman 2110026\DigitalMasjid\app\Models\ModelKasMasuk.php(20): CodeIgniter\Database\BaseBuilder->insert(Array)
#5 D:\Data Ridho\Kuliah Ridho\Semester 5\WEB - 2 Ridho Rahman 2110026\DigitalMasjid\app\Controllers\Kasmasuk.php(35): App\Models\Modelkasmasuk->insertData(Array)
#6 D:\Data Ridho\Kuliah Ridho\Semester 5\WEB - 2 Ridho Rahman 2110026\DigitalMasjid\system\CodeIgniter.php(919): App\Controllers\Kasmasuk->save()
#7 D:\Data Ridho\Kuliah Ridho\Semester 5\WEB - 2 Ridho Rahman 2110026\DigitalMasjid\system\CodeIgniter.php(494): CodeIgniter\CodeIgniter->runController(Object(App\Controllers\Kasmasuk))
#8 D:\Data Ridho\Kuliah Ridho\Semester 5\WEB - 2 Ridho Rahman 2110026\DigitalMasjid\system\CodeIgniter.php(353): CodeIgniter\CodeIgniter->handleRequest(NULL, Object(Config\Cache), false)
#9 D:\Data Ridho\Kuliah Ridho\Semester 5\WEB - 2 Ridho Rahman 2110026\DigitalMasjid\public\index.php(79): CodeIgniter\CodeIgniter->run()
#10 D:\Data Ridho\Kuliah Ridho\Semester 5\WEB - 2 Ridho Rahman 2110026\DigitalMasjid\system\Commands\Server\rewrite.php(47): require_once('D:\\Data Ridho\\K...')
#11 {main}
CRITICAL - 2024-01-17 08:55:45 --> Cannot add or update a child row: a foreign key constraint fails (`dbdigitalmasjid`.`tbl_kas_masjid`, CONSTRAINT `tbl_kas_masjid_ibfk_1` FOREIGN KEY (`iddonaturmasjid`) REFERENCES `tbl_donatur` (`iddonatur`) ON UPDATE CASCADE)
in SYSTEMPATH\Database\BaseConnection.php on line 646.
 1 SYSTEMPATH\Database\BaseBuilder.php(2308): CodeIgniter\Database\BaseConnection->query('INSERT INTO `tbl_kas_masjid` (`tanggal`, `ket`, `kas_masuk`, `kas_keluar`, `jenis_kas`, `status`, `iddonaturmasjid`, `idkegiatan`) VALUES (:tanggal:, :ket:, :kas_masuk:, :kas_keluar:, :jenis_kas:, :status:, :iddonaturmasjid:, :idkegiatan:)', [...], false)
 2 APPPATH\Models\ModelKasMasuk.php(20): CodeIgniter\Database\BaseBuilder->insert([...])
 3 APPPATH\Controllers\Kasmasuk.php(35): App\Models\Modelkasmasuk->insertData([...])
 4 SYSTEMPATH\CodeIgniter.php(919): App\Controllers\Kasmasuk->save()
 5 SYSTEMPATH\CodeIgniter.php(494): CodeIgniter\CodeIgniter->runController(Object(App\Controllers\Kasmasuk))
 6 SYSTEMPATH\CodeIgniter.php(353): CodeIgniter\CodeIgniter->handleRequest(null, Object(Config\Cache), false)
 7 FCPATH\index.php(79): CodeIgniter\CodeIgniter->run()
 8 SYSTEMPATH\Commands\Server\rewrite.php(47): require_once('D:\\Data Ridho\\Kuliah Ridho\\Semester 5\\WEB - 2 Ridho Rahman 2110026\\DigitalMasjid\\public\\index.php')
INFO - 2024-01-17 16:31:08 --> Session: Class initialized using 'CodeIgniter\Session\Handlers\FileHandler' driver.
