WARNING - 2024-01-07 09:26:28 --> [DEPRECATED] strtotime(): Passing null to parameter #1 ($datetime) of type string is deprecated in APPPATH\Views\Kas\vcetaklaporanperperiode.php on line 31.
 1 APPPATH\Views\Kas\vcetaklaporanperperiode.php(31): strtotime(null)
 2 SYSTEMPATH\View\View.php(226): include('D:\\Data Ridho\\Kuliah Ridho\\Semester 5\\WEB - 2 Ridho Rahman 2110026\\prak1\\app\\Views\\Kas\\vcetaklaporanperperiode.php')
 3 SYSTEMPATH\View\View.php(229): CodeIgniter\View\View->CodeIgniter\View\{closure}()
 4 SYSTEMPATH\Common.php(1188): CodeIgniter\View\View->render('kas/vcetaklaporanperperiode', [], true)
 5 APPPATH\Controllers\Kasmasuk.php(80): view('kas/vcetaklaporanperperiode', [...])
 6 SYSTEMPATH\CodeIgniter.php(919): App\Controllers\Kasmasuk->cetaklaporanperperiode()
 7 SYSTEMPATH\CodeIgniter.php(494): CodeIgniter\CodeIgniter->runController(Object(App\Controllers\Kasmasuk))
 8 SYSTEMPATH\CodeIgniter.php(353): CodeIgniter\CodeIgniter->handleRequest(null, Object(Config\Cache), false)
 9 FCPATH\index.php(79): CodeIgniter\CodeIgniter->run()
10 SYSTEMPATH\Commands\Server\rewrite.php(47): require_once('D:\\Data Ridho\\Kuliah Ridho\\Semester 5\\WEB - 2 Ridho Rahman 2110026\\prak1\\public\\index.php')
WARNING - 2024-01-07 09:26:28 --> [DEPRECATED] strtotime(): Passing null to parameter #1 ($datetime) of type string is deprecated in APPPATH\Views\Kas\vcetaklaporanperperiode.php on line 32.
 1 APPPATH\Views\Kas\vcetaklaporanperperiode.php(32): strtotime(null)
 2 SYSTEMPATH\View\View.php(226): include('D:\\Data Ridho\\Kuliah Ridho\\Semester 5\\WEB - 2 Ridho Rahman 2110026\\prak1\\app\\Views\\Kas\\vcetaklaporanperperiode.php')
 3 SYSTEMPATH\View\View.php(229): CodeIgniter\View\View->CodeIgniter\View\{closure}()
 4 SYSTEMPATH\Common.php(1188): CodeIgniter\View\View->render('kas/vcetaklaporanperperiode', [], true)
 5 APPPATH\Controllers\Kasmasuk.php(80): view('kas/vcetaklaporanperperiode', [...])
 6 SYSTEMPATH\CodeIgniter.php(919): App\Controllers\Kasmasuk->cetaklaporanperperiode()
 7 SYSTEMPATH\CodeIgniter.php(494): CodeIgniter\CodeIgniter->runController(Object(App\Controllers\Kasmasuk))
 8 SYSTEMPATH\CodeIgniter.php(353): CodeIgniter\CodeIgniter->handleRequest(null, Object(Config\Cache), false)
 9 FCPATH\index.php(79): CodeIgniter\CodeIgniter->run()
10 SYSTEMPATH\Commands\Server\rewrite.php(47): require_once('D:\\Data Ridho\\Kuliah Ridho\\Semester 5\\WEB - 2 Ridho Rahman 2110026\\prak1\\public\\index.php')
INFO - 2024-01-07 09:26:28 --> Session: Class initialized using 'CodeIgniter\Session\Handlers\FileHandler' driver.
INFO - 2024-01-07 09:26:58 --> Session: Class initialized using 'CodeIgniter\Session\Handlers\FileHandler' driver.
INFO - 2024-01-07 09:27:01 --> Session: Class initialized using 'CodeIgniter\Session\Handlers\FileHandler' driver.
INFO - 2024-01-07 09:27:05 --> Session: Class initialized using 'CodeIgniter\Session\Handlers\FileHandler' driver.
INFO - 2024-01-07 09:27:12 --> Session: Class initialized using 'CodeIgniter\Session\Handlers\FileHandler' driver.
INFO - 2024-01-07 09:27:58 --> Session: Class initialized using 'CodeIgniter\Session\Handlers\FileHandler' driver.
INFO - 2024-01-07 09:28:05 --> Session: Class initialized using 'CodeIgniter\Session\Handlers\FileHandler' driver.
INFO - 2024-01-07 09:31:32 --> Session: Class initialized using 'CodeIgniter\Session\Handlers\FileHandler' driver.
INFO - 2024-01-07 10:11:18 --> Session: Class initialized using 'CodeIgniter\Session\Handlers\FileHandler' driver.
WARNING - 2024-01-07 10:11:56 --> [DEPRECATED] strtotime(): Passing null to parameter #1 ($datetime) of type string is deprecated in APPPATH\Views\Kas\vcetaklaporanperperiode2.php on line 31.
 1 APPPATH\Views\Kas\vcetaklaporanperperiode2.php(31): strtotime(null)
 2 SYSTEMPATH\View\View.php(226): include('D:\\Data Ridho\\Kuliah Ridho\\Semester 5\\WEB - 2 Ridho Rahman 2110026\\prak1\\app\\Views\\Kas\\vcetaklaporanperperiode2.php')
 3 SYSTEMPATH\View\View.php(229): CodeIgniter\View\View->CodeIgniter\View\{closure}()
 4 SYSTEMPATH\Common.php(1188): CodeIgniter\View\View->render('kas/vcetaklaporanperperiode2', [], true)
 5 APPPATH\Controllers\Kaskeluar.php(79): view('kas/vcetaklaporanperperiode2', [...])
 6 SYSTEMPATH\CodeIgniter.php(919): App\Controllers\kaskeluar->cetaklaporanperperiode()
 7 SYSTEMPATH\CodeIgniter.php(494): CodeIgniter\CodeIgniter->runController(Object(App\Controllers\kaskeluar))
 8 SYSTEMPATH\CodeIgniter.php(353): CodeIgniter\CodeIgniter->handleRequest(null, Object(Config\Cache), false)
 9 FCPATH\index.php(79): CodeIgniter\CodeIgniter->run()
10 SYSTEMPATH\Commands\Server\rewrite.php(47): require_once('D:\\Data Ridho\\Kuliah Ridho\\Semester 5\\WEB - 2 Ridho Rahman 2110026\\prak1\\public\\index.php')
WARNING - 2024-01-07 10:11:56 --> [DEPRECATED] strtotime(): Passing null to parameter #1 ($datetime) of type string is deprecated in APPPATH\Views\Kas\vcetaklaporanperperiode2.php on line 32.
 1 APPPATH\Views\Kas\vcetaklaporanperperiode2.php(32): strtotime(null)
 2 SYSTEMPATH\View\View.php(226): include('D:\\Data Ridho\\Kuliah Ridho\\Semester 5\\WEB - 2 Ridho Rahman 2110026\\prak1\\app\\Views\\Kas\\vcetaklaporanperperiode2.php')
 3 SYSTEMPATH\View\View.php(229): CodeIgniter\View\View->CodeIgniter\View\{closure}()
 4 SYSTEMPATH\Common.php(1188): CodeIgniter\View\View->render('kas/vcetaklaporanperperiode2', [], true)
 5 APPPATH\Controllers\Kaskeluar.php(79): view('kas/vcetaklaporanperperiode2', [...])
 6 SYSTEMPATH\CodeIgniter.php(919): App\Controllers\kaskeluar->cetaklaporanperperiode()
 7 SYSTEMPATH\CodeIgniter.php(494): CodeIgniter\CodeIgniter->runController(Object(App\Controllers\kaskeluar))
 8 SYSTEMPATH\CodeIgniter.php(353): CodeIgniter\CodeIgniter->handleRequest(null, Object(Config\Cache), false)
 9 FCPATH\index.php(79): CodeIgniter\CodeIgniter->run()
10 SYSTEMPATH\Commands\Server\rewrite.php(47): require_once('D:\\Data Ridho\\Kuliah Ridho\\Semester 5\\WEB - 2 Ridho Rahman 2110026\\prak1\\public\\index.php')
INFO - 2024-01-07 10:11:56 --> Session: Class initialized using 'CodeIgniter\Session\Handlers\FileHandler' driver.
INFO - 2024-01-07 10:12:05 --> Session: Class initialized using 'CodeIgniter\Session\Handlers\FileHandler' driver.
INFO - 2024-01-07 10:12:14 --> Session: Class initialized using 'CodeIgniter\Session\Handlers\FileHandler' driver.
INFO - 2024-01-07 10:12:39 --> Session: Class initialized using 'CodeIgniter\Session\Handlers\FileHandler' driver.
INFO - 2024-01-07 10:12:55 --> Session: Class initialized using 'CodeIgniter\Session\Handlers\FileHandler' driver.
INFO - 2024-01-07 10:13:12 --> Session: Class initialized using 'CodeIgniter\Session\Handlers\FileHandler' driver.
INFO - 2024-01-07 10:13:22 --> Session: Class initialized using 'CodeIgniter\Session\Handlers\FileHandler' driver.
CRITICAL - 2024-01-07 11:14:06 --> You must set the database table to be used with your query.
in SYSTEMPATH\Database\BaseConnection.php on line 883.
 1 SYSTEMPATH\Model.php(635): CodeIgniter\Database\BaseConnection->table(null)
 2 SYSTEMPATH\Model.php(863): CodeIgniter\Model->builder()
 3 APPPATH\Controllers\Kasmasuk.php(94): CodeIgniter\Model->__call('getLaporanperperiodeperjenis', [...])
 4 SYSTEMPATH\CodeIgniter.php(919): App\Controllers\Kasmasuk->cetaklaporanperperiodejeniskas()
 5 SYSTEMPATH\CodeIgniter.php(494): CodeIgniter\CodeIgniter->runController(Object(App\Controllers\Kasmasuk))
 6 SYSTEMPATH\CodeIgniter.php(353): CodeIgniter\CodeIgniter->handleRequest(null, Object(Config\Cache), false)
 7 FCPATH\index.php(79): CodeIgniter\CodeIgniter->run()
 8 SYSTEMPATH\Commands\Server\rewrite.php(47): require_once('D:\\Data Ridho\\Kuliah Ridho\\Semester 5\\WEB - 2 Ridho Rahman 2110026\\prak1\\public\\index.php')
CRITICAL - 2024-01-07 11:16:04 --> You must set the database table to be used with your query.
in SYSTEMPATH\Database\BaseConnection.php on line 883.
 1 SYSTEMPATH\Model.php(635): CodeIgniter\Database\BaseConnection->table(null)
 2 SYSTEMPATH\Model.php(863): CodeIgniter\Model->builder()
 3 APPPATH\Controllers\Kasmasuk.php(94): CodeIgniter\Model->__call('getLaporanperperiodeperjenis', [...])
 4 SYSTEMPATH\CodeIgniter.php(919): App\Controllers\Kasmasuk->cetaklaporanperperiodejeniskas()
 5 SYSTEMPATH\CodeIgniter.php(494): CodeIgniter\CodeIgniter->runController(Object(App\Controllers\Kasmasuk))
 6 SYSTEMPATH\CodeIgniter.php(353): CodeIgniter\CodeIgniter->handleRequest(null, Object(Config\Cache), false)
 7 FCPATH\index.php(79): CodeIgniter\CodeIgniter->run()
 8 SYSTEMPATH\Commands\Server\rewrite.php(47): require_once('D:\\Data Ridho\\Kuliah Ridho\\Semester 5\\WEB - 2 Ridho Rahman 2110026\\prak1\\public\\index.php')
CRITICAL - 2024-01-07 11:16:05 --> You must set the database table to be used with your query.
in SYSTEMPATH\Database\BaseConnection.php on line 883.
 1 SYSTEMPATH\Model.php(635): CodeIgniter\Database\BaseConnection->table(null)
 2 SYSTEMPATH\Model.php(863): CodeIgniter\Model->builder()
 3 APPPATH\Controllers\Kasmasuk.php(94): CodeIgniter\Model->__call('getLaporanperperiodeperjenis', [...])
 4 SYSTEMPATH\CodeIgniter.php(919): App\Controllers\Kasmasuk->cetaklaporanperperiodejeniskas()
 5 SYSTEMPATH\CodeIgniter.php(494): CodeIgniter\CodeIgniter->runController(Object(App\Controllers\Kasmasuk))
 6 SYSTEMPATH\CodeIgniter.php(353): CodeIgniter\CodeIgniter->handleRequest(null, Object(Config\Cache), false)
 7 FCPATH\index.php(79): CodeIgniter\CodeIgniter->run()
 8 SYSTEMPATH\Commands\Server\rewrite.php(47): require_once('D:\\Data Ridho\\Kuliah Ridho\\Semester 5\\WEB - 2 Ridho Rahman 2110026\\prak1\\public\\index.php')
CRITICAL - 2024-01-07 11:16:06 --> You must set the database table to be used with your query.
in SYSTEMPATH\Database\BaseConnection.php on line 883.
 1 SYSTEMPATH\Model.php(635): CodeIgniter\Database\BaseConnection->table(null)
 2 SYSTEMPATH\Model.php(863): CodeIgniter\Model->builder()
 3 APPPATH\Controllers\Kasmasuk.php(94): CodeIgniter\Model->__call('getLaporanperperiodeperjenis', [...])
 4 SYSTEMPATH\CodeIgniter.php(919): App\Controllers\Kasmasuk->cetaklaporanperperiodejeniskas()
 5 SYSTEMPATH\CodeIgniter.php(494): CodeIgniter\CodeIgniter->runController(Object(App\Controllers\Kasmasuk))
 6 SYSTEMPATH\CodeIgniter.php(353): CodeIgniter\CodeIgniter->handleRequest(null, Object(Config\Cache), false)
 7 FCPATH\index.php(79): CodeIgniter\CodeIgniter->run()
 8 SYSTEMPATH\Commands\Server\rewrite.php(47): require_once('D:\\Data Ridho\\Kuliah Ridho\\Semester 5\\WEB - 2 Ridho Rahman 2110026\\prak1\\public\\index.php')
CRITICAL - 2024-01-07 11:16:20 --> You must set the database table to be used with your query.
in SYSTEMPATH\Database\BaseConnection.php on line 883.
 1 SYSTEMPATH\Model.php(635): CodeIgniter\Database\BaseConnection->table(null)
 2 SYSTEMPATH\Model.php(863): CodeIgniter\Model->builder()
 3 APPPATH\Controllers\Kasmasuk.php(94): CodeIgniter\Model->__call('getLaporanperperiodeperjenis', [...])
 4 SYSTEMPATH\CodeIgniter.php(919): App\Controllers\Kasmasuk->cetaklaporanperperiodejeniskas()
 5 SYSTEMPATH\CodeIgniter.php(494): CodeIgniter\CodeIgniter->runController(Object(App\Controllers\Kasmasuk))
 6 SYSTEMPATH\CodeIgniter.php(353): CodeIgniter\CodeIgniter->handleRequest(null, Object(Config\Cache), false)
 7 FCPATH\index.php(79): CodeIgniter\CodeIgniter->run()
 8 SYSTEMPATH\Commands\Server\rewrite.php(47): require_once('D:\\Data Ridho\\Kuliah Ridho\\Semester 5\\WEB - 2 Ridho Rahman 2110026\\prak1\\public\\index.php')
CRITICAL - 2024-01-07 11:16:21 --> You must set the database table to be used with your query.
in SYSTEMPATH\Database\BaseConnection.php on line 883.
 1 SYSTEMPATH\Model.php(635): CodeIgniter\Database\BaseConnection->table(null)
 2 SYSTEMPATH\Model.php(863): CodeIgniter\Model->builder()
 3 APPPATH\Controllers\Kasmasuk.php(94): CodeIgniter\Model->__call('getLaporanperperiodeperjenis', [...])
 4 SYSTEMPATH\CodeIgniter.php(919): App\Controllers\Kasmasuk->cetaklaporanperperiodejeniskas()
 5 SYSTEMPATH\CodeIgniter.php(494): CodeIgniter\CodeIgniter->runController(Object(App\Controllers\Kasmasuk))
 6 SYSTEMPATH\CodeIgniter.php(353): CodeIgniter\CodeIgniter->handleRequest(null, Object(Config\Cache), false)
 7 FCPATH\index.php(79): CodeIgniter\CodeIgniter->run()
 8 SYSTEMPATH\Commands\Server\rewrite.php(47): require_once('D:\\Data Ridho\\Kuliah Ridho\\Semester 5\\WEB - 2 Ridho Rahman 2110026\\prak1\\public\\index.php')
CRITICAL - 2024-01-07 11:17:27 --> You must set the database table to be used with your query.
in SYSTEMPATH\Database\BaseConnection.php on line 883.
 1 SYSTEMPATH\Model.php(635): CodeIgniter\Database\BaseConnection->table(null)
 2 SYSTEMPATH\Model.php(863): CodeIgniter\Model->builder()
 3 APPPATH\Controllers\Kasmasuk.php(94): CodeIgniter\Model->__call('getLaporanperperiodeperjenis', [...])
 4 SYSTEMPATH\CodeIgniter.php(919): App\Controllers\Kasmasuk->cetaklaporanperperiodejeniskas()
 5 SYSTEMPATH\CodeIgniter.php(494): CodeIgniter\CodeIgniter->runController(Object(App\Controllers\Kasmasuk))
 6 SYSTEMPATH\CodeIgniter.php(353): CodeIgniter\CodeIgniter->handleRequest(null, Object(Config\Cache), false)
 7 FCPATH\index.php(79): CodeIgniter\CodeIgniter->run()
 8 SYSTEMPATH\Commands\Server\rewrite.php(47): require_once('D:\\Data Ridho\\Kuliah Ridho\\Semester 5\\WEB - 2 Ridho Rahman 2110026\\prak1\\public\\index.php')
INFO - 2024-01-07 11:18:01 --> Session: Class initialized using 'CodeIgniter\Session\Handlers\FileHandler' driver.
INFO - 2024-01-07 11:18:52 --> Session: Class initialized using 'CodeIgniter\Session\Handlers\FileHandler' driver.
INFO - 2024-01-07 11:18:54 --> Session: Class initialized using 'CodeIgniter\Session\Handlers\FileHandler' driver.
INFO - 2024-01-07 11:19:00 --> Session: Class initialized using 'CodeIgniter\Session\Handlers\FileHandler' driver.
INFO - 2024-01-07 11:19:00 --> Session: Class initialized using 'CodeIgniter\Session\Handlers\FileHandler' driver.
INFO - 2024-01-07 18:19:04 --> Session: Class initialized using 'CodeIgniter\Session\Handlers\FileHandler' driver.
INFO - 2024-01-07 11:19:17 --> Session: Class initialized using 'CodeIgniter\Session\Handlers\FileHandler' driver.
INFO - 2024-01-07 11:19:21 --> Session: Class initialized using 'CodeIgniter\Session\Handlers\FileHandler' driver.
INFO - 2024-01-07 11:19:21 --> Session: Class initialized using 'CodeIgniter\Session\Handlers\FileHandler' driver.
INFO - 2024-01-07 18:19:25 --> Session: Class initialized using 'CodeIgniter\Session\Handlers\FileHandler' driver.
INFO - 2024-01-07 11:19:34 --> Session: Class initialized using 'CodeIgniter\Session\Handlers\FileHandler' driver.
INFO - 2024-01-07 11:20:06 --> Session: Class initialized using 'CodeIgniter\Session\Handlers\FileHandler' driver.
INFO - 2024-01-07 11:20:06 --> Session: Class initialized using 'CodeIgniter\Session\Handlers\FileHandler' driver.
INFO - 2024-01-07 11:20:10 --> Session: Class initialized using 'CodeIgniter\Session\Handlers\FileHandler' driver.
INFO - 2024-01-07 11:20:14 --> Session: Class initialized using 'CodeIgniter\Session\Handlers\FileHandler' driver.
INFO - 2024-01-07 11:20:26 --> Session: Class initialized using 'CodeIgniter\Session\Handlers\FileHandler' driver.
INFO - 2024-01-07 11:20:31 --> Session: Class initialized using 'CodeIgniter\Session\Handlers\FileHandler' driver.
INFO - 2024-01-07 11:20:32 --> Session: Class initialized using 'CodeIgniter\Session\Handlers\FileHandler' driver.
INFO - 2024-01-07 11:20:39 --> Session: Class initialized using 'CodeIgniter\Session\Handlers\FileHandler' driver.
INFO - 2024-01-07 18:20:53 --> Session: Class initialized using 'CodeIgniter\Session\Handlers\FileHandler' driver.
INFO - 2024-01-07 18:21:42 --> Session: Class initialized using 'CodeIgniter\Session\Handlers\FileHandler' driver.
INFO - 2024-01-07 18:22:06 --> Session: Class initialized using 'CodeIgniter\Session\Handlers\FileHandler' driver.
INFO - 2024-01-07 18:22:50 --> Session: Class initialized using 'CodeIgniter\Session\Handlers\FileHandler' driver.
INFO - 2024-01-07 18:23:33 --> Session: Class initialized using 'CodeIgniter\Session\Handlers\FileHandler' driver.
INFO - 2024-01-07 11:23:55 --> Session: Class initialized using 'CodeIgniter\Session\Handlers\FileHandler' driver.
INFO - 2024-01-07 11:25:23 --> Session: Class initialized using 'CodeIgniter\Session\Handlers\FileHandler' driver.
INFO - 2024-01-07 11:28:01 --> Session: Class initialized using 'CodeIgniter\Session\Handlers\FileHandler' driver.
