CRITICAL - 2023-11-12 15:50:15 --> Undefined variable $dokter
in APPPATH\Views\dokter\view_dokter.php on line 19.
 1 APPPATH\Views\dokter\view_dokter.php(19): CodeIgniter\Debug\Exceptions->errorHandler(2, 'Undefined variable $dokter', 'D:\\web2\\prak1\\app\\Views\\dokter\\view_dokter.php', 19)
 2 SYSTEMPATH\View\View.php(226): include('D:\\web2\\prak1\\app\\Views\\dokter\\view_dokter.php')
 3 SYSTEMPATH\View\View.php(229): CodeIgniter\View\View->CodeIgniter\View\{closure}()
 4 SYSTEMPATH\Common.php(1188): CodeIgniter\View\View->render('dokter/view_dokter', [], true)
 5 APPPATH\Controllers\Dokter.php(12): view('dokter/view_dokter', [...])
 6 SYSTEMPATH\CodeIgniter.php(919): App\Controllers\Dokter->index()
 7 SYSTEMPATH\CodeIgniter.php(494): CodeIgniter\CodeIgniter->runController(Object(App\Controllers\Dokter))
 8 SYSTEMPATH\CodeIgniter.php(353): CodeIgniter\CodeIgniter->handleRequest(null, Object(Config\Cache), false)
 9 FCPATH\index.php(79): CodeIgniter\CodeIgniter->run()
10 SYSTEMPATH\Commands\Server\rewrite.php(47): require_once('D:\\web2\\prak1\\public\\index.php')
CRITICAL - 2023-11-12 15:56:33 --> Undefined variable $dokter
in APPPATH\Views\dokter\view_dokter.php on line 19.
 1 APPPATH\Views\dokter\view_dokter.php(19): CodeIgniter\Debug\Exceptions->errorHandler(2, 'Undefined variable $dokter', 'D:\\web2\\prak1\\app\\Views\\dokter\\view_dokter.php', 19)
 2 SYSTEMPATH\View\View.php(226): include('D:\\web2\\prak1\\app\\Views\\dokter\\view_dokter.php')
 3 SYSTEMPATH\View\View.php(229): CodeIgniter\View\View->CodeIgniter\View\{closure}()
 4 SYSTEMPATH\Common.php(1188): CodeIgniter\View\View->render('dokter/view_dokter', [], true)
 5 APPPATH\Controllers\Dokter.php(12): view('dokter/view_dokter', [...])
 6 SYSTEMPATH\CodeIgniter.php(919): App\Controllers\Dokter->index()
 7 SYSTEMPATH\CodeIgniter.php(494): CodeIgniter\CodeIgniter->runController(Object(App\Controllers\Dokter))
 8 SYSTEMPATH\CodeIgniter.php(353): CodeIgniter\CodeIgniter->handleRequest(null, Object(Config\Cache), false)
 9 FCPATH\index.php(79): CodeIgniter\CodeIgniter->run()
10 SYSTEMPATH\Commands\Server\rewrite.php(47): require_once('D:\\web2\\prak1\\public\\index.php')
CRITICAL - 2023-11-12 15:56:36 --> Undefined variable $dokter
in APPPATH\Views\dokter\view_dokter.php on line 19.
 1 APPPATH\Views\dokter\view_dokter.php(19): CodeIgniter\Debug\Exceptions->errorHandler(2, 'Undefined variable $dokter', 'D:\\web2\\prak1\\app\\Views\\dokter\\view_dokter.php', 19)
 2 SYSTEMPATH\View\View.php(226): include('D:\\web2\\prak1\\app\\Views\\dokter\\view_dokter.php')
 3 SYSTEMPATH\View\View.php(229): CodeIgniter\View\View->CodeIgniter\View\{closure}()
 4 SYSTEMPATH\Common.php(1188): CodeIgniter\View\View->render('dokter/view_dokter', [], true)
 5 APPPATH\Controllers\Dokter.php(12): view('dokter/view_dokter', [...])
 6 SYSTEMPATH\CodeIgniter.php(919): App\Controllers\Dokter->index()
 7 SYSTEMPATH\CodeIgniter.php(494): CodeIgniter\CodeIgniter->runController(Object(App\Controllers\Dokter))
 8 SYSTEMPATH\CodeIgniter.php(353): CodeIgniter\CodeIgniter->handleRequest(null, Object(Config\Cache), false)
 9 FCPATH\index.php(79): CodeIgniter\CodeIgniter->run()
10 SYSTEMPATH\Commands\Server\rewrite.php(47): require_once('D:\\web2\\prak1\\public\\index.php')
CRITICAL - 2023-11-12 15:59:27 --> Undefined variable $dokter
in APPPATH\Views\dokter\view_dokter.php on line 19.
 1 APPPATH\Views\dokter\view_dokter.php(19): CodeIgniter\Debug\Exceptions->errorHandler(2, 'Undefined variable $dokter', 'D:\\web2\\prak1\\app\\Views\\dokter\\view_dokter.php', 19)
 2 SYSTEMPATH\View\View.php(226): include('D:\\web2\\prak1\\app\\Views\\dokter\\view_dokter.php')
 3 SYSTEMPATH\View\View.php(229): CodeIgniter\View\View->CodeIgniter\View\{closure}()
 4 SYSTEMPATH\Common.php(1188): CodeIgniter\View\View->render('dokter/view_dokter', [], true)
 5 APPPATH\Controllers\Dokter.php(12): view('dokter/view_dokter', [...])
 6 SYSTEMPATH\CodeIgniter.php(919): App\Controllers\Dokter->index()
 7 SYSTEMPATH\CodeIgniter.php(494): CodeIgniter\CodeIgniter->runController(Object(App\Controllers\Dokter))
 8 SYSTEMPATH\CodeIgniter.php(353): CodeIgniter\CodeIgniter->handleRequest(null, Object(Config\Cache), false)
 9 FCPATH\index.php(79): CodeIgniter\CodeIgniter->run()
10 SYSTEMPATH\Commands\Server\rewrite.php(47): require_once('D:\\web2\\prak1\\public\\index.php')
CRITICAL - 2023-11-12 16:01:36 --> Undefined variable $dokter
in APPPATH\Views\dokter\view_dokter.php on line 19.
 1 APPPATH\Views\dokter\view_dokter.php(19): CodeIgniter\Debug\Exceptions->errorHandler(2, 'Undefined variable $dokter', 'D:\\web2\\prak1\\app\\Views\\dokter\\view_dokter.php', 19)
 2 SYSTEMPATH\View\View.php(226): include('D:\\web2\\prak1\\app\\Views\\dokter\\view_dokter.php')
 3 SYSTEMPATH\View\View.php(229): CodeIgniter\View\View->CodeIgniter\View\{closure}()
 4 SYSTEMPATH\Common.php(1188): CodeIgniter\View\View->render('dokter/view_dokter', [], true)
 5 APPPATH\Controllers\Dokter.php(12): view('dokter/view_dokter', [...])
 6 SYSTEMPATH\CodeIgniter.php(919): App\Controllers\Dokter->index()
 7 SYSTEMPATH\CodeIgniter.php(494): CodeIgniter\CodeIgniter->runController(Object(App\Controllers\Dokter))
 8 SYSTEMPATH\CodeIgniter.php(353): CodeIgniter\CodeIgniter->handleRequest(null, Object(Config\Cache), false)
 9 FCPATH\index.php(79): CodeIgniter\CodeIgniter->run()
10 SYSTEMPATH\Commands\Server\rewrite.php(47): require_once('D:\\web2\\prak1\\public\\index.php')
CRITICAL - 2023-11-12 16:03:13 --> Undefined variable $dokter
in APPPATH\Views\dokter\view_dokter.php on line 19.
 1 APPPATH\Views\dokter\view_dokter.php(19): CodeIgniter\Debug\Exceptions->errorHandler(2, 'Undefined variable $dokter', 'D:\\web2\\prak1\\app\\Views\\dokter\\view_dokter.php', 19)
 2 SYSTEMPATH\View\View.php(226): include('D:\\web2\\prak1\\app\\Views\\dokter\\view_dokter.php')
 3 SYSTEMPATH\View\View.php(229): CodeIgniter\View\View->CodeIgniter\View\{closure}()
 4 SYSTEMPATH\Common.php(1188): CodeIgniter\View\View->render('dokter/view_dokter', [], true)
 5 APPPATH\Controllers\Dokter.php(12): view('dokter/view_dokter', [...])
 6 SYSTEMPATH\CodeIgniter.php(919): App\Controllers\Dokter->index()
 7 SYSTEMPATH\CodeIgniter.php(494): CodeIgniter\CodeIgniter->runController(Object(App\Controllers\Dokter))
 8 SYSTEMPATH\CodeIgniter.php(353): CodeIgniter\CodeIgniter->handleRequest(null, Object(Config\Cache), false)
 9 FCPATH\index.php(79): CodeIgniter\CodeIgniter->run()
10 SYSTEMPATH\Commands\Server\rewrite.php(47): require_once('D:\\web2\\prak1\\public\\index.php')
CRITICAL - 2023-11-12 16:04:34 --> Undefined variable $dokter
in APPPATH\Views\dokter\view_dokter.php on line 19.
 1 APPPATH\Views\dokter\view_dokter.php(19): CodeIgniter\Debug\Exceptions->errorHandler(2, 'Undefined variable $dokter', 'D:\\web2\\prak1\\app\\Views\\dokter\\view_dokter.php', 19)
 2 SYSTEMPATH\View\View.php(226): include('D:\\web2\\prak1\\app\\Views\\dokter\\view_dokter.php')
 3 SYSTEMPATH\View\View.php(229): CodeIgniter\View\View->CodeIgniter\View\{closure}()
 4 SYSTEMPATH\Common.php(1188): CodeIgniter\View\View->render('dokter/view_dokter', [], true)
 5 APPPATH\Controllers\Dokter.php(12): view('dokter/view_dokter', [...])
 6 SYSTEMPATH\CodeIgniter.php(919): App\Controllers\Dokter->index()
 7 SYSTEMPATH\CodeIgniter.php(494): CodeIgniter\CodeIgniter->runController(Object(App\Controllers\Dokter))
 8 SYSTEMPATH\CodeIgniter.php(353): CodeIgniter\CodeIgniter->handleRequest(null, Object(Config\Cache), false)
 9 FCPATH\index.php(79): CodeIgniter\CodeIgniter->run()
10 SYSTEMPATH\Commands\Server\rewrite.php(47): require_once('D:\\web2\\prak1\\public\\index.php')
CRITICAL - 2023-11-12 16:18:50 --> Undefined variable $dokter
in APPPATH\Views\dokter\view_dokter.php on line 19.
 1 APPPATH\Views\dokter\view_dokter.php(19): CodeIgniter\Debug\Exceptions->errorHandler(2, 'Undefined variable $dokter', 'D:\\web2\\prak1\\app\\Views\\dokter\\view_dokter.php', 19)
 2 SYSTEMPATH\View\View.php(226): include('D:\\web2\\prak1\\app\\Views\\dokter\\view_dokter.php')
 3 SYSTEMPATH\View\View.php(229): CodeIgniter\View\View->CodeIgniter\View\{closure}()
 4 SYSTEMPATH\Common.php(1188): CodeIgniter\View\View->render('dokter/view_dokter', [], true)
 5 APPPATH\Controllers\Dokter.php(12): view('dokter/view_dokter', [...])
 6 SYSTEMPATH\CodeIgniter.php(919): App\Controllers\Dokter->index()
 7 SYSTEMPATH\CodeIgniter.php(494): CodeIgniter\CodeIgniter->runController(Object(App\Controllers\Dokter))
 8 SYSTEMPATH\CodeIgniter.php(353): CodeIgniter\CodeIgniter->handleRequest(null, Object(Config\Cache), false)
 9 FCPATH\index.php(79): CodeIgniter\CodeIgniter->run()
10 SYSTEMPATH\Commands\Server\rewrite.php(47): require_once('D:\\web2\\prak1\\public\\index.php')
CRITICAL - 2023-11-12 16:21:08 --> Undefined variable $dokter
in APPPATH\Views\dokter\view_dokter.php on line 19.
 1 APPPATH\Views\dokter\view_dokter.php(19): CodeIgniter\Debug\Exceptions->errorHandler(2, 'Undefined variable $dokter', 'D:\\web2\\prak1\\app\\Views\\dokter\\view_dokter.php', 19)
 2 SYSTEMPATH\View\View.php(226): include('D:\\web2\\prak1\\app\\Views\\dokter\\view_dokter.php')
 3 SYSTEMPATH\View\View.php(229): CodeIgniter\View\View->CodeIgniter\View\{closure}()
 4 SYSTEMPATH\Common.php(1188): CodeIgniter\View\View->render('dokter/view_dokter', [], true)
 5 APPPATH\Controllers\Dokter.php(12): view('dokter/view_dokter', [...])
 6 SYSTEMPATH\CodeIgniter.php(919): App\Controllers\Dokter->index()
 7 SYSTEMPATH\CodeIgniter.php(494): CodeIgniter\CodeIgniter->runController(Object(App\Controllers\Dokter))
 8 SYSTEMPATH\CodeIgniter.php(353): CodeIgniter\CodeIgniter->handleRequest(null, Object(Config\Cache), false)
 9 FCPATH\index.php(79): CodeIgniter\CodeIgniter->run()
10 SYSTEMPATH\Commands\Server\rewrite.php(47): require_once('D:\\web2\\prak1\\public\\index.php')
CRITICAL - 2023-11-12 16:21:10 --> Undefined variable $dokter
in APPPATH\Views\dokter\view_dokter.php on line 19.
 1 APPPATH\Views\dokter\view_dokter.php(19): CodeIgniter\Debug\Exceptions->errorHandler(2, 'Undefined variable $dokter', 'D:\\web2\\prak1\\app\\Views\\dokter\\view_dokter.php', 19)
 2 SYSTEMPATH\View\View.php(226): include('D:\\web2\\prak1\\app\\Views\\dokter\\view_dokter.php')
 3 SYSTEMPATH\View\View.php(229): CodeIgniter\View\View->CodeIgniter\View\{closure}()
 4 SYSTEMPATH\Common.php(1188): CodeIgniter\View\View->render('dokter/view_dokter', [], true)
 5 APPPATH\Controllers\Dokter.php(12): view('dokter/view_dokter', [...])
 6 SYSTEMPATH\CodeIgniter.php(919): App\Controllers\Dokter->index()
 7 SYSTEMPATH\CodeIgniter.php(494): CodeIgniter\CodeIgniter->runController(Object(App\Controllers\Dokter))
 8 SYSTEMPATH\CodeIgniter.php(353): CodeIgniter\CodeIgniter->handleRequest(null, Object(Config\Cache), false)
 9 FCPATH\index.php(79): CodeIgniter\CodeIgniter->run()
10 SYSTEMPATH\Commands\Server\rewrite.php(47): require_once('D:\\web2\\prak1\\public\\index.php')
CRITICAL - 2023-11-12 16:21:32 --> Undefined variable $dokter
in APPPATH\Views\dokter\view_dokter.php on line 19.
 1 APPPATH\Views\dokter\view_dokter.php(19): CodeIgniter\Debug\Exceptions->errorHandler(2, 'Undefined variable $dokter', 'D:\\web2\\prak1\\app\\Views\\dokter\\view_dokter.php', 19)
 2 SYSTEMPATH\View\View.php(226): include('D:\\web2\\prak1\\app\\Views\\dokter\\view_dokter.php')
 3 SYSTEMPATH\View\View.php(229): CodeIgniter\View\View->CodeIgniter\View\{closure}()
 4 SYSTEMPATH\Common.php(1188): CodeIgniter\View\View->render('dokter/view_dokter', [], true)
 5 APPPATH\Controllers\Dokter.php(12): view('dokter/view_dokter', [...])
 6 SYSTEMPATH\CodeIgniter.php(919): App\Controllers\Dokter->index()
 7 SYSTEMPATH\CodeIgniter.php(494): CodeIgniter\CodeIgniter->runController(Object(App\Controllers\Dokter))
 8 SYSTEMPATH\CodeIgniter.php(353): CodeIgniter\CodeIgniter->handleRequest(null, Object(Config\Cache), false)
 9 FCPATH\index.php(79): CodeIgniter\CodeIgniter->run()
10 SYSTEMPATH\Commands\Server\rewrite.php(47): require_once('D:\\web2\\prak1\\public\\index.php')
CRITICAL - 2023-11-12 16:22:34 --> Undefined variable $dokter
in APPPATH\Views\dokter\view_dokter.php on line 19.
 1 APPPATH\Views\dokter\view_dokter.php(19): CodeIgniter\Debug\Exceptions->errorHandler(2, 'Undefined variable $dokter', 'D:\\web2\\prak1\\app\\Views\\dokter\\view_dokter.php', 19)
 2 SYSTEMPATH\View\View.php(226): include('D:\\web2\\prak1\\app\\Views\\dokter\\view_dokter.php')
 3 SYSTEMPATH\View\View.php(229): CodeIgniter\View\View->CodeIgniter\View\{closure}()
 4 SYSTEMPATH\Common.php(1188): CodeIgniter\View\View->render('dokter/view_dokter', [], true)
 5 APPPATH\Controllers\Dokter.php(12): view('dokter/view_dokter', [...])
 6 SYSTEMPATH\CodeIgniter.php(919): App\Controllers\Dokter->index()
 7 SYSTEMPATH\CodeIgniter.php(494): CodeIgniter\CodeIgniter->runController(Object(App\Controllers\Dokter))
 8 SYSTEMPATH\CodeIgniter.php(353): CodeIgniter\CodeIgniter->handleRequest(null, Object(Config\Cache), false)
 9 FCPATH\index.php(79): CodeIgniter\CodeIgniter->run()
10 SYSTEMPATH\Commands\Server\rewrite.php(47): require_once('D:\\web2\\prak1\\public\\index.php')
CRITICAL - 2023-11-12 16:22:36 --> Undefined variable $dokter
in APPPATH\Views\dokter\view_dokter.php on line 19.
 1 APPPATH\Views\dokter\view_dokter.php(19): CodeIgniter\Debug\Exceptions->errorHandler(2, 'Undefined variable $dokter', 'D:\\web2\\prak1\\app\\Views\\dokter\\view_dokter.php', 19)
 2 SYSTEMPATH\View\View.php(226): include('D:\\web2\\prak1\\app\\Views\\dokter\\view_dokter.php')
 3 SYSTEMPATH\View\View.php(229): CodeIgniter\View\View->CodeIgniter\View\{closure}()
 4 SYSTEMPATH\Common.php(1188): CodeIgniter\View\View->render('dokter/view_dokter', [], true)
 5 APPPATH\Controllers\Dokter.php(12): view('dokter/view_dokter', [...])
 6 SYSTEMPATH\CodeIgniter.php(919): App\Controllers\Dokter->index()
 7 SYSTEMPATH\CodeIgniter.php(494): CodeIgniter\CodeIgniter->runController(Object(App\Controllers\Dokter))
 8 SYSTEMPATH\CodeIgniter.php(353): CodeIgniter\CodeIgniter->handleRequest(null, Object(Config\Cache), false)
 9 FCPATH\index.php(79): CodeIgniter\CodeIgniter->run()
10 SYSTEMPATH\Commands\Server\rewrite.php(47): require_once('D:\\web2\\prak1\\public\\index.php')
CRITICAL - 2023-11-12 16:22:51 --> Undefined variable $dokter
in APPPATH\Views\dokter\view_dokter.php on line 19.
 1 APPPATH\Views\dokter\view_dokter.php(19): CodeIgniter\Debug\Exceptions->errorHandler(2, 'Undefined variable $dokter', 'D:\\web2\\prak1\\app\\Views\\dokter\\view_dokter.php', 19)
 2 SYSTEMPATH\View\View.php(226): include('D:\\web2\\prak1\\app\\Views\\dokter\\view_dokter.php')
 3 SYSTEMPATH\View\View.php(229): CodeIgniter\View\View->CodeIgniter\View\{closure}()
 4 SYSTEMPATH\Common.php(1188): CodeIgniter\View\View->render('dokter/view_dokter', [], true)
 5 APPPATH\Controllers\Dokter.php(12): view('dokter/view_dokter', [...])
 6 SYSTEMPATH\CodeIgniter.php(919): App\Controllers\Dokter->index()
 7 SYSTEMPATH\CodeIgniter.php(494): CodeIgniter\CodeIgniter->runController(Object(App\Controllers\Dokter))
 8 SYSTEMPATH\CodeIgniter.php(353): CodeIgniter\CodeIgniter->handleRequest(null, Object(Config\Cache), false)
 9 FCPATH\index.php(79): CodeIgniter\CodeIgniter->run()
10 SYSTEMPATH\Commands\Server\rewrite.php(47): require_once('D:\\web2\\prak1\\public\\index.php')
CRITICAL - 2023-11-12 16:25:31 --> Undefined array key "nohp_dokter"
in APPPATH\Views\dokter\view_dokter.php on line 25.
 1 APPPATH\Views\dokter\view_dokter.php(25): CodeIgniter\Debug\Exceptions->errorHandler(2, 'Undefined array key "nohp_dokter"', 'D:\\web2\\prak1\\app\\Views\\dokter\\view_dokter.php', 25)
 2 SYSTEMPATH\View\View.php(226): include('D:\\web2\\prak1\\app\\Views\\dokter\\view_dokter.php')
 3 SYSTEMPATH\View\View.php(229): CodeIgniter\View\View->CodeIgniter\View\{closure}()
 4 SYSTEMPATH\Common.php(1188): CodeIgniter\View\View->render('dokter/view_dokter', [], true)
 5 APPPATH\Controllers\Dokter.php(12): view('dokter/view_dokter', [...])
 6 SYSTEMPATH\CodeIgniter.php(919): App\Controllers\Dokter->index()
 7 SYSTEMPATH\CodeIgniter.php(494): CodeIgniter\CodeIgniter->runController(Object(App\Controllers\Dokter))
 8 SYSTEMPATH\CodeIgniter.php(353): CodeIgniter\CodeIgniter->handleRequest(null, Object(Config\Cache), false)
 9 FCPATH\index.php(79): CodeIgniter\CodeIgniter->run()
10 SYSTEMPATH\Commands\Server\rewrite.php(47): require_once('D:\\web2\\prak1\\public\\index.php')
CRITICAL - 2023-11-12 16:25:32 --> Undefined array key "nohp_dokter"
in APPPATH\Views\dokter\view_dokter.php on line 25.
 1 APPPATH\Views\dokter\view_dokter.php(25): CodeIgniter\Debug\Exceptions->errorHandler(2, 'Undefined array key "nohp_dokter"', 'D:\\web2\\prak1\\app\\Views\\dokter\\view_dokter.php', 25)
 2 SYSTEMPATH\View\View.php(226): include('D:\\web2\\prak1\\app\\Views\\dokter\\view_dokter.php')
 3 SYSTEMPATH\View\View.php(229): CodeIgniter\View\View->CodeIgniter\View\{closure}()
 4 SYSTEMPATH\Common.php(1188): CodeIgniter\View\View->render('dokter/view_dokter', [], true)
 5 APPPATH\Controllers\Dokter.php(12): view('dokter/view_dokter', [...])
 6 SYSTEMPATH\CodeIgniter.php(919): App\Controllers\Dokter->index()
 7 SYSTEMPATH\CodeIgniter.php(494): CodeIgniter\CodeIgniter->runController(Object(App\Controllers\Dokter))
 8 SYSTEMPATH\CodeIgniter.php(353): CodeIgniter\CodeIgniter->handleRequest(null, Object(Config\Cache), false)
 9 FCPATH\index.php(79): CodeIgniter\CodeIgniter->run()
10 SYSTEMPATH\Commands\Server\rewrite.php(47): require_once('D:\\web2\\prak1\\public\\index.php')
CRITICAL - 2023-11-12 16:29:50 --> Undefined array key "nohp_dokter"
in APPPATH\Views\dokter\view_dokter.php on line 25.
 1 APPPATH\Views\dokter\view_dokter.php(25): CodeIgniter\Debug\Exceptions->errorHandler(2, 'Undefined array key "nohp_dokter"', 'D:\\web2\\prak1\\app\\Views\\dokter\\view_dokter.php', 25)
 2 SYSTEMPATH\View\View.php(226): include('D:\\web2\\prak1\\app\\Views\\dokter\\view_dokter.php')
 3 SYSTEMPATH\View\View.php(229): CodeIgniter\View\View->CodeIgniter\View\{closure}()
 4 SYSTEMPATH\Common.php(1188): CodeIgniter\View\View->render('dokter/view_dokter', [], true)
 5 APPPATH\Controllers\Dokter.php(12): view('dokter/view_dokter', [...])
 6 SYSTEMPATH\CodeIgniter.php(919): App\Controllers\Dokter->index()
 7 SYSTEMPATH\CodeIgniter.php(494): CodeIgniter\CodeIgniter->runController(Object(App\Controllers\Dokter))
 8 SYSTEMPATH\CodeIgniter.php(353): CodeIgniter\CodeIgniter->handleRequest(null, Object(Config\Cache), false)
 9 FCPATH\index.php(79): CodeIgniter\CodeIgniter->run()
10 SYSTEMPATH\Commands\Server\rewrite.php(47): require_once('D:\\web2\\prak1\\public\\index.php')
CRITICAL - 2023-11-12 16:30:31 --> Undefined array key "nohp"
in APPPATH\Views\dokter\view_dokter.php on line 25.
 1 APPPATH\Views\dokter\view_dokter.php(25): CodeIgniter\Debug\Exceptions->errorHandler(2, 'Undefined array key "nohp"', 'D:\\web2\\prak1\\app\\Views\\dokter\\view_dokter.php', 25)
 2 SYSTEMPATH\View\View.php(226): include('D:\\web2\\prak1\\app\\Views\\dokter\\view_dokter.php')
 3 SYSTEMPATH\View\View.php(229): CodeIgniter\View\View->CodeIgniter\View\{closure}()
 4 SYSTEMPATH\Common.php(1188): CodeIgniter\View\View->render('dokter/view_dokter', [], true)
 5 APPPATH\Controllers\Dokter.php(12): view('dokter/view_dokter', [...])
 6 SYSTEMPATH\CodeIgniter.php(919): App\Controllers\Dokter->index()
 7 SYSTEMPATH\CodeIgniter.php(494): CodeIgniter\CodeIgniter->runController(Object(App\Controllers\Dokter))
 8 SYSTEMPATH\CodeIgniter.php(353): CodeIgniter\CodeIgniter->handleRequest(null, Object(Config\Cache), false)
 9 FCPATH\index.php(79): CodeIgniter\CodeIgniter->run()
10 SYSTEMPATH\Commands\Server\rewrite.php(47): require_once('D:\\web2\\prak1\\public\\index.php')
CRITICAL - 2023-11-12 16:30:35 --> Undefined array key "nohp"
in APPPATH\Views\dokter\view_dokter.php on line 25.
 1 APPPATH\Views\dokter\view_dokter.php(25): CodeIgniter\Debug\Exceptions->errorHandler(2, 'Undefined array key "nohp"', 'D:\\web2\\prak1\\app\\Views\\dokter\\view_dokter.php', 25)
 2 SYSTEMPATH\View\View.php(226): include('D:\\web2\\prak1\\app\\Views\\dokter\\view_dokter.php')
 3 SYSTEMPATH\View\View.php(229): CodeIgniter\View\View->CodeIgniter\View\{closure}()
 4 SYSTEMPATH\Common.php(1188): CodeIgniter\View\View->render('dokter/view_dokter', [], true)
 5 APPPATH\Controllers\Dokter.php(12): view('dokter/view_dokter', [...])
 6 SYSTEMPATH\CodeIgniter.php(919): App\Controllers\Dokter->index()
 7 SYSTEMPATH\CodeIgniter.php(494): CodeIgniter\CodeIgniter->runController(Object(App\Controllers\Dokter))
 8 SYSTEMPATH\CodeIgniter.php(353): CodeIgniter\CodeIgniter->handleRequest(null, Object(Config\Cache), false)
 9 FCPATH\index.php(79): CodeIgniter\CodeIgniter->run()
10 SYSTEMPATH\Commands\Server\rewrite.php(47): require_once('D:\\web2\\prak1\\public\\index.php')
CRITICAL - 2023-11-12 16:31:04 --> Undefined array key "no hp"
in APPPATH\Views\dokter\view_dokter.php on line 25.
 1 APPPATH\Views\dokter\view_dokter.php(25): CodeIgniter\Debug\Exceptions->errorHandler(2, 'Undefined array key "no hp"', 'D:\\web2\\prak1\\app\\Views\\dokter\\view_dokter.php', 25)
 2 SYSTEMPATH\View\View.php(226): include('D:\\web2\\prak1\\app\\Views\\dokter\\view_dokter.php')
 3 SYSTEMPATH\View\View.php(229): CodeIgniter\View\View->CodeIgniter\View\{closure}()
 4 SYSTEMPATH\Common.php(1188): CodeIgniter\View\View->render('dokter/view_dokter', [], true)
 5 APPPATH\Controllers\Dokter.php(12): view('dokter/view_dokter', [...])
 6 SYSTEMPATH\CodeIgniter.php(919): App\Controllers\Dokter->index()
 7 SYSTEMPATH\CodeIgniter.php(494): CodeIgniter\CodeIgniter->runController(Object(App\Controllers\Dokter))
 8 SYSTEMPATH\CodeIgniter.php(353): CodeIgniter\CodeIgniter->handleRequest(null, Object(Config\Cache), false)
 9 FCPATH\index.php(79): CodeIgniter\CodeIgniter->run()
10 SYSTEMPATH\Commands\Server\rewrite.php(47): require_once('D:\\web2\\prak1\\public\\index.php')
CRITICAL - 2023-11-12 16:58:27 --> Undefined array key "nphp_dokter"
in APPPATH\Views\dokter\view_dokter.php on line 26.
 1 APPPATH\Views\dokter\view_dokter.php(26): CodeIgniter\Debug\Exceptions->errorHandler(2, 'Undefined array key "nphp_dokter"', 'D:\\web2\\prak1\\app\\Views\\dokter\\view_dokter.php', 26)
 2 SYSTEMPATH\View\View.php(226): include('D:\\web2\\prak1\\app\\Views\\dokter\\view_dokter.php')
 3 SYSTEMPATH\View\View.php(229): CodeIgniter\View\View->CodeIgniter\View\{closure}()
 4 SYSTEMPATH\Common.php(1188): CodeIgniter\View\View->render('dokter/view_dokter', [], true)
 5 APPPATH\Controllers\Dokter.php(12): view('dokter/view_dokter', [...])
 6 SYSTEMPATH\CodeIgniter.php(919): App\Controllers\Dokter->index()
 7 SYSTEMPATH\CodeIgniter.php(494): CodeIgniter\CodeIgniter->runController(Object(App\Controllers\Dokter))
 8 SYSTEMPATH\CodeIgniter.php(353): CodeIgniter\CodeIgniter->handleRequest(null, Object(Config\Cache), false)
 9 FCPATH\index.php(79): CodeIgniter\CodeIgniter->run()
10 SYSTEMPATH\Commands\Server\rewrite.php(47): require_once('D:\\web2\\prak1\\public\\index.php')
