ERROR - 2023-11-06 05:27:42 --> mysqli_sql_exception: Table 'dbbaju.baju' doesn't exist in D:\web2\prak1\system\Database\MySQLi\Connection.php:306
Stack trace:
#0 D:\web2\prak1\system\Database\MySQLi\Connection.php(306): mysqli->query('INSERT INTO `ba...', 0)
#1 D:\web2\prak1\system\Database\BaseConnection.php(692): CodeIgniter\Database\MySQLi\Connection->execute('INSERT INTO `ba...')
#2 D:\web2\prak1\system\Database\BaseConnection.php(606): CodeIgniter\Database\BaseConnection->simpleQuery('INSERT INTO `ba...')
#3 D:\web2\prak1\system\Database\BaseBuilder.php(2308): CodeIgniter\Database\BaseConnection->query('INSERT INTO `ba...', Array, false)
#4 D:\web2\prak1\app\Controllers\Quiz.php(56): CodeIgniter\Database\BaseBuilder->insert(Array)
#5 D:\web2\prak1\system\CodeIgniter.php(919): App\Controllers\Quiz->simpan()
#6 D:\web2\prak1\system\CodeIgniter.php(494): CodeIgniter\CodeIgniter->runController(Object(App\Controllers\Quiz))
#7 D:\web2\prak1\system\CodeIgniter.php(353): CodeIgniter\CodeIgniter->handleRequest(NULL, Object(Config\Cache), false)
#8 D:\web2\prak1\public\index.php(79): CodeIgniter\CodeIgniter->run()
#9 D:\web2\prak1\system\Commands\Server\rewrite.php(47): require_once('D:\\web2\\prak1\\p...')
#10 {main}
CRITICAL - 2023-11-06 05:27:42 --> Table 'dbbaju.baju' doesn't exist
in SYSTEMPATH\Database\BaseConnection.php on line 646.
 1 SYSTEMPATH\Database\BaseBuilder.php(2308): CodeIgniter\Database\BaseConnection->query('INSERT INTO `baju` (`kodebaju`, `jenis`, `harga`, `jumlah`, `total`) VALUES (:kodebaju:, :jenis:, :harga:, :jumlah:, :total:)', [...], false)
 2 APPPATH\Controllers\Quiz.php(56): CodeIgniter\Database\BaseBuilder->insert([...])
 3 SYSTEMPATH\CodeIgniter.php(919): App\Controllers\Quiz->simpan()
 4 SYSTEMPATH\CodeIgniter.php(494): CodeIgniter\CodeIgniter->runController(Object(App\Controllers\Quiz))
 5 SYSTEMPATH\CodeIgniter.php(353): CodeIgniter\CodeIgniter->handleRequest(null, Object(Config\Cache), false)
 6 FCPATH\index.php(79): CodeIgniter\CodeIgniter->run()
 7 SYSTEMPATH\Commands\Server\rewrite.php(47): require_once('D:\\web2\\prak1\\public\\index.php')
ERROR - 2023-11-06 05:28:31 --> mysqli_sql_exception: Table 'dbbaju.baju' doesn't exist in D:\web2\prak1\system\Database\MySQLi\Connection.php:306
Stack trace:
#0 D:\web2\prak1\system\Database\MySQLi\Connection.php(306): mysqli->query('INSERT INTO `ba...', 0)
#1 D:\web2\prak1\system\Database\BaseConnection.php(692): CodeIgniter\Database\MySQLi\Connection->execute('INSERT INTO `ba...')
#2 D:\web2\prak1\system\Database\BaseConnection.php(606): CodeIgniter\Database\BaseConnection->simpleQuery('INSERT INTO `ba...')
#3 D:\web2\prak1\system\Database\BaseBuilder.php(2308): CodeIgniter\Database\BaseConnection->query('INSERT INTO `ba...', Array, false)
#4 D:\web2\prak1\app\Controllers\Quiz.php(56): CodeIgniter\Database\BaseBuilder->insert(Array)
#5 D:\web2\prak1\system\CodeIgniter.php(919): App\Controllers\Quiz->simpan()
#6 D:\web2\prak1\system\CodeIgniter.php(494): CodeIgniter\CodeIgniter->runController(Object(App\Controllers\Quiz))
#7 D:\web2\prak1\system\CodeIgniter.php(353): CodeIgniter\CodeIgniter->handleRequest(NULL, Object(Config\Cache), false)
#8 D:\web2\prak1\public\index.php(79): CodeIgniter\CodeIgniter->run()
#9 D:\web2\prak1\system\Commands\Server\rewrite.php(47): require_once('D:\\web2\\prak1\\p...')
#10 {main}
CRITICAL - 2023-11-06 05:28:31 --> Table 'dbbaju.baju' doesn't exist
in SYSTEMPATH\Database\BaseConnection.php on line 646.
 1 SYSTEMPATH\Database\BaseBuilder.php(2308): CodeIgniter\Database\BaseConnection->query('INSERT INTO `baju` (`kodebaju`, `jenis`, `harga`, `jumlah`, `total`) VALUES (:kodebaju:, :jenis:, :harga:, :jumlah:, :total:)', [...], false)
 2 APPPATH\Controllers\Quiz.php(56): CodeIgniter\Database\BaseBuilder->insert([...])
 3 SYSTEMPATH\CodeIgniter.php(919): App\Controllers\Quiz->simpan()
 4 SYSTEMPATH\CodeIgniter.php(494): CodeIgniter\CodeIgniter->runController(Object(App\Controllers\Quiz))
 5 SYSTEMPATH\CodeIgniter.php(353): CodeIgniter\CodeIgniter->handleRequest(null, Object(Config\Cache), false)
 6 FCPATH\index.php(79): CodeIgniter\CodeIgniter->run()
 7 SYSTEMPATH\Commands\Server\rewrite.php(47): require_once('D:\\web2\\prak1\\public\\index.php')
ERROR - 2023-11-06 05:30:08 --> mysqli_sql_exception: Table 'dbbaju.baju' doesn't exist in D:\web2\prak1\system\Database\MySQLi\Connection.php:306
Stack trace:
#0 D:\web2\prak1\system\Database\MySQLi\Connection.php(306): mysqli->query('INSERT INTO `ba...', 0)
#1 D:\web2\prak1\system\Database\BaseConnection.php(692): CodeIgniter\Database\MySQLi\Connection->execute('INSERT INTO `ba...')
#2 D:\web2\prak1\system\Database\BaseConnection.php(606): CodeIgniter\Database\BaseConnection->simpleQuery('INSERT INTO `ba...')
#3 D:\web2\prak1\system\Database\BaseBuilder.php(2308): CodeIgniter\Database\BaseConnection->query('INSERT INTO `ba...', Array, false)
#4 D:\web2\prak1\app\Controllers\Quiz.php(56): CodeIgniter\Database\BaseBuilder->insert(Array)
#5 D:\web2\prak1\system\CodeIgniter.php(919): App\Controllers\Quiz->simpan()
#6 D:\web2\prak1\system\CodeIgniter.php(494): CodeIgniter\CodeIgniter->runController(Object(App\Controllers\Quiz))
#7 D:\web2\prak1\system\CodeIgniter.php(353): CodeIgniter\CodeIgniter->handleRequest(NULL, Object(Config\Cache), false)
#8 D:\web2\prak1\public\index.php(79): CodeIgniter\CodeIgniter->run()
#9 D:\web2\prak1\system\Commands\Server\rewrite.php(47): require_once('D:\\web2\\prak1\\p...')
#10 {main}
CRITICAL - 2023-11-06 05:30:08 --> Table 'dbbaju.baju' doesn't exist
in SYSTEMPATH\Database\BaseConnection.php on line 646.
 1 SYSTEMPATH\Database\BaseBuilder.php(2308): CodeIgniter\Database\BaseConnection->query('INSERT INTO `baju` (`kodebaju`, `jenis`, `harga`, `jumlah`, `total`) VALUES (:kodebaju:, :jenis:, :harga:, :jumlah:, :total:)', [...], false)
 2 APPPATH\Controllers\Quiz.php(56): CodeIgniter\Database\BaseBuilder->insert([...])
 3 SYSTEMPATH\CodeIgniter.php(919): App\Controllers\Quiz->simpan()
 4 SYSTEMPATH\CodeIgniter.php(494): CodeIgniter\CodeIgniter->runController(Object(App\Controllers\Quiz))
 5 SYSTEMPATH\CodeIgniter.php(353): CodeIgniter\CodeIgniter->handleRequest(null, Object(Config\Cache), false)
 6 FCPATH\index.php(79): CodeIgniter\CodeIgniter->run()
 7 SYSTEMPATH\Commands\Server\rewrite.php(47): require_once('D:\\web2\\prak1\\public\\index.php')
ERROR - 2023-11-06 05:31:17 --> mysqli_sql_exception: Column 'Kodebaju' cannot be null in D:\web2\prak1\system\Database\MySQLi\Connection.php:306
Stack trace:
#0 D:\web2\prak1\system\Database\MySQLi\Connection.php(306): mysqli->query('INSERT INTO `ta...', 0)
#1 D:\web2\prak1\system\Database\BaseConnection.php(692): CodeIgniter\Database\MySQLi\Connection->execute('INSERT INTO `ta...')
#2 D:\web2\prak1\system\Database\BaseConnection.php(606): CodeIgniter\Database\BaseConnection->simpleQuery('INSERT INTO `ta...')
#3 D:\web2\prak1\system\Database\BaseBuilder.php(2308): CodeIgniter\Database\BaseConnection->query('INSERT INTO `ta...', Array, false)
#4 D:\web2\prak1\app\Controllers\Quiz.php(56): CodeIgniter\Database\BaseBuilder->insert(Array)
#5 D:\web2\prak1\system\CodeIgniter.php(919): App\Controllers\Quiz->simpan()
#6 D:\web2\prak1\system\CodeIgniter.php(494): CodeIgniter\CodeIgniter->runController(Object(App\Controllers\Quiz))
#7 D:\web2\prak1\system\CodeIgniter.php(353): CodeIgniter\CodeIgniter->handleRequest(NULL, Object(Config\Cache), false)
#8 D:\web2\prak1\public\index.php(79): CodeIgniter\CodeIgniter->run()
#9 D:\web2\prak1\system\Commands\Server\rewrite.php(47): require_once('D:\\web2\\prak1\\p...')
#10 {main}
CRITICAL - 2023-11-06 05:31:17 --> Column 'Kodebaju' cannot be null
in SYSTEMPATH\Database\BaseConnection.php on line 646.
 1 SYSTEMPATH\Database\BaseBuilder.php(2308): CodeIgniter\Database\BaseConnection->query('INSERT INTO `tabelbaju` (`kodebaju`, `jenis`, `harga`, `jumlah`, `total`) VALUES (:kodebaju:, :jenis:, :harga:, :jumlah:, :total:)', [...], false)
 2 APPPATH\Controllers\Quiz.php(56): CodeIgniter\Database\BaseBuilder->insert([...])
 3 SYSTEMPATH\CodeIgniter.php(919): App\Controllers\Quiz->simpan()
 4 SYSTEMPATH\CodeIgniter.php(494): CodeIgniter\CodeIgniter->runController(Object(App\Controllers\Quiz))
 5 SYSTEMPATH\CodeIgniter.php(353): CodeIgniter\CodeIgniter->handleRequest(null, Object(Config\Cache), false)
 6 FCPATH\index.php(79): CodeIgniter\CodeIgniter->run()
 7 SYSTEMPATH\Commands\Server\rewrite.php(47): require_once('D:\\web2\\prak1\\public\\index.php')
CRITICAL - 2023-11-06 05:32:14 --> Undefined array key "kodebaju"
in APPPATH\Views\tampilquiz.php on line 17.
 1 APPPATH\Views\tampilquiz.php(17): CodeIgniter\Debug\Exceptions->errorHandler(2, 'Undefined array key "kodebaju"', 'D:\\web2\\prak1\\app\\Views\\tampilquiz.php', 17)
 2 SYSTEMPATH\View\View.php(226): include('D:\\web2\\prak1\\app\\Views\\tampilquiz.php')
 3 SYSTEMPATH\View\View.php(229): CodeIgniter\View\View->CodeIgniter\View\{closure}()
 4 SYSTEMPATH\Common.php(1188): CodeIgniter\View\View->render('tampilquiz', [], true)
 5 APPPATH\Controllers\Quiz.php(75): view('tampilquiz', [...])
 6 SYSTEMPATH\CodeIgniter.php(919): App\Controllers\Quiz->tampil()
 7 SYSTEMPATH\CodeIgniter.php(494): CodeIgniter\CodeIgniter->runController(Object(App\Controllers\Quiz))
 8 SYSTEMPATH\CodeIgniter.php(353): CodeIgniter\CodeIgniter->handleRequest(null, Object(Config\Cache), false)
 9 FCPATH\index.php(79): CodeIgniter\CodeIgniter->run()
10 SYSTEMPATH\Commands\Server\rewrite.php(47): require_once('D:\\web2\\prak1\\public\\index.php')
CRITICAL - 2023-11-06 05:33:05 --> Undefined array key "kodebaju"
in APPPATH\Views\tampilquiz.php on line 17.
 1 APPPATH\Views\tampilquiz.php(17): CodeIgniter\Debug\Exceptions->errorHandler(2, 'Undefined array key "kodebaju"', 'D:\\web2\\prak1\\app\\Views\\tampilquiz.php', 17)
 2 SYSTEMPATH\View\View.php(226): include('D:\\web2\\prak1\\app\\Views\\tampilquiz.php')
 3 SYSTEMPATH\View\View.php(229): CodeIgniter\View\View->CodeIgniter\View\{closure}()
 4 SYSTEMPATH\Common.php(1188): CodeIgniter\View\View->render('tampilquiz', [], true)
 5 APPPATH\Controllers\Quiz.php(75): view('tampilquiz', [...])
 6 SYSTEMPATH\CodeIgniter.php(919): App\Controllers\Quiz->tampil()
 7 SYSTEMPATH\CodeIgniter.php(494): CodeIgniter\CodeIgniter->runController(Object(App\Controllers\Quiz))
 8 SYSTEMPATH\CodeIgniter.php(353): CodeIgniter\CodeIgniter->handleRequest(null, Object(Config\Cache), false)
 9 FCPATH\index.php(79): CodeIgniter\CodeIgniter->run()
10 SYSTEMPATH\Commands\Server\rewrite.php(47): require_once('D:\\web2\\prak1\\public\\index.php')
CRITICAL - 2023-11-06 05:33:06 --> Undefined array key "kodebaju"
in APPPATH\Views\tampilquiz.php on line 17.
 1 APPPATH\Views\tampilquiz.php(17): CodeIgniter\Debug\Exceptions->errorHandler(2, 'Undefined array key "kodebaju"', 'D:\\web2\\prak1\\app\\Views\\tampilquiz.php', 17)
 2 SYSTEMPATH\View\View.php(226): include('D:\\web2\\prak1\\app\\Views\\tampilquiz.php')
 3 SYSTEMPATH\View\View.php(229): CodeIgniter\View\View->CodeIgniter\View\{closure}()
 4 SYSTEMPATH\Common.php(1188): CodeIgniter\View\View->render('tampilquiz', [], true)
 5 APPPATH\Controllers\Quiz.php(75): view('tampilquiz', [...])
 6 SYSTEMPATH\CodeIgniter.php(919): App\Controllers\Quiz->tampil()
 7 SYSTEMPATH\CodeIgniter.php(494): CodeIgniter\CodeIgniter->runController(Object(App\Controllers\Quiz))
 8 SYSTEMPATH\CodeIgniter.php(353): CodeIgniter\CodeIgniter->handleRequest(null, Object(Config\Cache), false)
 9 FCPATH\index.php(79): CodeIgniter\CodeIgniter->run()
10 SYSTEMPATH\Commands\Server\rewrite.php(47): require_once('D:\\web2\\prak1\\public\\index.php')
CRITICAL - 2023-11-06 05:33:27 --> Undefined array key "kodebaju"
in APPPATH\Views\tampilquiz.php on line 17.
 1 APPPATH\Views\tampilquiz.php(17): CodeIgniter\Debug\Exceptions->errorHandler(2, 'Undefined array key "kodebaju"', 'D:\\web2\\prak1\\app\\Views\\tampilquiz.php', 17)
 2 SYSTEMPATH\View\View.php(226): include('D:\\web2\\prak1\\app\\Views\\tampilquiz.php')
 3 SYSTEMPATH\View\View.php(229): CodeIgniter\View\View->CodeIgniter\View\{closure}()
 4 SYSTEMPATH\Common.php(1188): CodeIgniter\View\View->render('tampilquiz', [], true)
 5 APPPATH\Controllers\Quiz.php(75): view('tampilquiz', [...])
 6 SYSTEMPATH\CodeIgniter.php(919): App\Controllers\Quiz->tampil()
 7 SYSTEMPATH\CodeIgniter.php(494): CodeIgniter\CodeIgniter->runController(Object(App\Controllers\Quiz))
 8 SYSTEMPATH\CodeIgniter.php(353): CodeIgniter\CodeIgniter->handleRequest(null, Object(Config\Cache), false)
 9 FCPATH\index.php(79): CodeIgniter\CodeIgniter->run()
10 SYSTEMPATH\Commands\Server\rewrite.php(47): require_once('D:\\web2\\prak1\\public\\index.php')
CRITICAL - 2023-11-06 05:34:15 --> Undefined array key "kodebaju"
in APPPATH\Views\tampilquiz.php on line 17.
 1 APPPATH\Views\tampilquiz.php(17): CodeIgniter\Debug\Exceptions->errorHandler(2, 'Undefined array key "kodebaju"', 'D:\\web2\\prak1\\app\\Views\\tampilquiz.php', 17)
 2 SYSTEMPATH\View\View.php(226): include('D:\\web2\\prak1\\app\\Views\\tampilquiz.php')
 3 SYSTEMPATH\View\View.php(229): CodeIgniter\View\View->CodeIgniter\View\{closure}()
 4 SYSTEMPATH\Common.php(1188): CodeIgniter\View\View->render('tampilquiz', [], true)
 5 APPPATH\Controllers\Quiz.php(75): view('tampilquiz', [...])
 6 SYSTEMPATH\CodeIgniter.php(919): App\Controllers\Quiz->tampil()
 7 SYSTEMPATH\CodeIgniter.php(494): CodeIgniter\CodeIgniter->runController(Object(App\Controllers\Quiz))
 8 SYSTEMPATH\CodeIgniter.php(353): CodeIgniter\CodeIgniter->handleRequest(null, Object(Config\Cache), false)
 9 FCPATH\index.php(79): CodeIgniter\CodeIgniter->run()
10 SYSTEMPATH\Commands\Server\rewrite.php(47): require_once('D:\\web2\\prak1\\public\\index.php')
CRITICAL - 2023-11-06 05:34:16 --> Undefined array key "kodebaju"
in APPPATH\Views\tampilquiz.php on line 17.
 1 APPPATH\Views\tampilquiz.php(17): CodeIgniter\Debug\Exceptions->errorHandler(2, 'Undefined array key "kodebaju"', 'D:\\web2\\prak1\\app\\Views\\tampilquiz.php', 17)
 2 SYSTEMPATH\View\View.php(226): include('D:\\web2\\prak1\\app\\Views\\tampilquiz.php')
 3 SYSTEMPATH\View\View.php(229): CodeIgniter\View\View->CodeIgniter\View\{closure}()
 4 SYSTEMPATH\Common.php(1188): CodeIgniter\View\View->render('tampilquiz', [], true)
 5 APPPATH\Controllers\Quiz.php(75): view('tampilquiz', [...])
 6 SYSTEMPATH\CodeIgniter.php(919): App\Controllers\Quiz->tampil()
 7 SYSTEMPATH\CodeIgniter.php(494): CodeIgniter\CodeIgniter->runController(Object(App\Controllers\Quiz))
 8 SYSTEMPATH\CodeIgniter.php(353): CodeIgniter\CodeIgniter->handleRequest(null, Object(Config\Cache), false)
 9 FCPATH\index.php(79): CodeIgniter\CodeIgniter->run()
10 SYSTEMPATH\Commands\Server\rewrite.php(47): require_once('D:\\web2\\prak1\\public\\index.php')
CRITICAL - 2023-11-06 05:34:34 --> Undefined array key "kode"
in APPPATH\Views\tampilquiz.php on line 17.
 1 APPPATH\Views\tampilquiz.php(17): CodeIgniter\Debug\Exceptions->errorHandler(2, 'Undefined array key "kode"', 'D:\\web2\\prak1\\app\\Views\\tampilquiz.php', 17)
 2 SYSTEMPATH\View\View.php(226): include('D:\\web2\\prak1\\app\\Views\\tampilquiz.php')
 3 SYSTEMPATH\View\View.php(229): CodeIgniter\View\View->CodeIgniter\View\{closure}()
 4 SYSTEMPATH\Common.php(1188): CodeIgniter\View\View->render('tampilquiz', [], true)
 5 APPPATH\Controllers\Quiz.php(75): view('tampilquiz', [...])
 6 SYSTEMPATH\CodeIgniter.php(919): App\Controllers\Quiz->tampil()
 7 SYSTEMPATH\CodeIgniter.php(494): CodeIgniter\CodeIgniter->runController(Object(App\Controllers\Quiz))
 8 SYSTEMPATH\CodeIgniter.php(353): CodeIgniter\CodeIgniter->handleRequest(null, Object(Config\Cache), false)
 9 FCPATH\index.php(79): CodeIgniter\CodeIgniter->run()
10 SYSTEMPATH\Commands\Server\rewrite.php(47): require_once('D:\\web2\\prak1\\public\\index.php')
CRITICAL - 2023-11-06 05:35:43 --> Undefined array key "kode"
in APPPATH\Views\tampilquiz.php on line 17.
 1 APPPATH\Views\tampilquiz.php(17): CodeIgniter\Debug\Exceptions->errorHandler(2, 'Undefined array key "kode"', 'D:\\web2\\prak1\\app\\Views\\tampilquiz.php', 17)
 2 SYSTEMPATH\View\View.php(226): include('D:\\web2\\prak1\\app\\Views\\tampilquiz.php')
 3 SYSTEMPATH\View\View.php(229): CodeIgniter\View\View->CodeIgniter\View\{closure}()
 4 SYSTEMPATH\Common.php(1188): CodeIgniter\View\View->render('tampilquiz', [], true)
 5 APPPATH\Controllers\Quiz.php(75): view('tampilquiz', [...])
 6 SYSTEMPATH\CodeIgniter.php(919): App\Controllers\Quiz->tampil()
 7 SYSTEMPATH\CodeIgniter.php(494): CodeIgniter\CodeIgniter->runController(Object(App\Controllers\Quiz))
 8 SYSTEMPATH\CodeIgniter.php(353): CodeIgniter\CodeIgniter->handleRequest(null, Object(Config\Cache), false)
 9 FCPATH\index.php(79): CodeIgniter\CodeIgniter->run()
10 SYSTEMPATH\Commands\Server\rewrite.php(47): require_once('D:\\web2\\prak1\\public\\index.php')
ERROR - 2023-11-06 05:37:42 --> mysqli_sql_exception: Column 'Kodebaju' cannot be null in D:\web2\prak1\system\Database\MySQLi\Connection.php:306
Stack trace:
#0 D:\web2\prak1\system\Database\MySQLi\Connection.php(306): mysqli->query('INSERT INTO `ta...', 0)
#1 D:\web2\prak1\system\Database\BaseConnection.php(692): CodeIgniter\Database\MySQLi\Connection->execute('INSERT INTO `ta...')
#2 D:\web2\prak1\system\Database\BaseConnection.php(606): CodeIgniter\Database\BaseConnection->simpleQuery('INSERT INTO `ta...')
#3 D:\web2\prak1\system\Database\BaseBuilder.php(2308): CodeIgniter\Database\BaseConnection->query('INSERT INTO `ta...', Array, false)
#4 D:\web2\prak1\app\Controllers\Quiz.php(56): CodeIgniter\Database\BaseBuilder->insert(Array)
#5 D:\web2\prak1\system\CodeIgniter.php(919): App\Controllers\Quiz->simpan()
#6 D:\web2\prak1\system\CodeIgniter.php(494): CodeIgniter\CodeIgniter->runController(Object(App\Controllers\Quiz))
#7 D:\web2\prak1\system\CodeIgniter.php(353): CodeIgniter\CodeIgniter->handleRequest(NULL, Object(Config\Cache), false)
#8 D:\web2\prak1\public\index.php(79): CodeIgniter\CodeIgniter->run()
#9 D:\web2\prak1\system\Commands\Server\rewrite.php(47): require_once('D:\\web2\\prak1\\p...')
#10 {main}
CRITICAL - 2023-11-06 05:37:42 --> Column 'Kodebaju' cannot be null
in SYSTEMPATH\Database\BaseConnection.php on line 646.
 1 SYSTEMPATH\Database\BaseBuilder.php(2308): CodeIgniter\Database\BaseConnection->query('INSERT INTO `tabelbaju` (`kodebaju`, `jenis`, `harga`, `jumlah`, `total`) VALUES (:kodebaju:, :jenis:, :harga:, :jumlah:, :total:)', [...], false)
 2 APPPATH\Controllers\Quiz.php(56): CodeIgniter\Database\BaseBuilder->insert([...])
 3 SYSTEMPATH\CodeIgniter.php(919): App\Controllers\Quiz->simpan()
 4 SYSTEMPATH\CodeIgniter.php(494): CodeIgniter\CodeIgniter->runController(Object(App\Controllers\Quiz))
 5 SYSTEMPATH\CodeIgniter.php(353): CodeIgniter\CodeIgniter->handleRequest(null, Object(Config\Cache), false)
 6 FCPATH\index.php(79): CodeIgniter\CodeIgniter->run()
 7 SYSTEMPATH\Commands\Server\rewrite.php(47): require_once('D:\\web2\\prak1\\public\\index.php')
ERROR - 2023-11-06 05:38:16 --> mysqli_sql_exception: Unknown column 'kode' in 'field list' in D:\web2\prak1\system\Database\MySQLi\Connection.php:306
Stack trace:
#0 D:\web2\prak1\system\Database\MySQLi\Connection.php(306): mysqli->query('INSERT INTO `ta...', 0)
#1 D:\web2\prak1\system\Database\BaseConnection.php(692): CodeIgniter\Database\MySQLi\Connection->execute('INSERT INTO `ta...')
#2 D:\web2\prak1\system\Database\BaseConnection.php(606): CodeIgniter\Database\BaseConnection->simpleQuery('INSERT INTO `ta...')
#3 D:\web2\prak1\system\Database\BaseBuilder.php(2308): CodeIgniter\Database\BaseConnection->query('INSERT INTO `ta...', Array, false)
#4 D:\web2\prak1\app\Controllers\Quiz.php(56): CodeIgniter\Database\BaseBuilder->insert(Array)
#5 D:\web2\prak1\system\CodeIgniter.php(919): App\Controllers\Quiz->simpan()
#6 D:\web2\prak1\system\CodeIgniter.php(494): CodeIgniter\CodeIgniter->runController(Object(App\Controllers\Quiz))
#7 D:\web2\prak1\system\CodeIgniter.php(353): CodeIgniter\CodeIgniter->handleRequest(NULL, Object(Config\Cache), false)
#8 D:\web2\prak1\public\index.php(79): CodeIgniter\CodeIgniter->run()
#9 D:\web2\prak1\system\Commands\Server\rewrite.php(47): require_once('D:\\web2\\prak1\\p...')
#10 {main}
CRITICAL - 2023-11-06 05:38:16 --> Unknown column 'kode' in 'field list'
in SYSTEMPATH\Database\BaseConnection.php on line 646.
 1 SYSTEMPATH\Database\BaseBuilder.php(2308): CodeIgniter\Database\BaseConnection->query('INSERT INTO `tabelbaju` (`kode`, `jenis`, `harga`, `jumlah`, `total`) VALUES (:kode:, :jenis:, :harga:, :jumlah:, :total:)', [...], false)
 2 APPPATH\Controllers\Quiz.php(56): CodeIgniter\Database\BaseBuilder->insert([...])
 3 SYSTEMPATH\CodeIgniter.php(919): App\Controllers\Quiz->simpan()
 4 SYSTEMPATH\CodeIgniter.php(494): CodeIgniter\CodeIgniter->runController(Object(App\Controllers\Quiz))
 5 SYSTEMPATH\CodeIgniter.php(353): CodeIgniter\CodeIgniter->handleRequest(null, Object(Config\Cache), false)
 6 FCPATH\index.php(79): CodeIgniter\CodeIgniter->run()
 7 SYSTEMPATH\Commands\Server\rewrite.php(47): require_once('D:\\web2\\prak1\\public\\index.php')
CRITICAL - 2023-11-06 05:38:58 --> Undefined array key "kode"
in APPPATH\Views\tampilquiz.php on line 17.
 1 APPPATH\Views\tampilquiz.php(17): CodeIgniter\Debug\Exceptions->errorHandler(2, 'Undefined array key "kode"', 'D:\\web2\\prak1\\app\\Views\\tampilquiz.php', 17)
 2 SYSTEMPATH\View\View.php(226): include('D:\\web2\\prak1\\app\\Views\\tampilquiz.php')
 3 SYSTEMPATH\View\View.php(229): CodeIgniter\View\View->CodeIgniter\View\{closure}()
 4 SYSTEMPATH\Common.php(1188): CodeIgniter\View\View->render('tampilquiz', [], true)
 5 APPPATH\Controllers\Quiz.php(75): view('tampilquiz', [...])
 6 SYSTEMPATH\CodeIgniter.php(919): App\Controllers\Quiz->tampil()
 7 SYSTEMPATH\CodeIgniter.php(494): CodeIgniter\CodeIgniter->runController(Object(App\Controllers\Quiz))
 8 SYSTEMPATH\CodeIgniter.php(353): CodeIgniter\CodeIgniter->handleRequest(null, Object(Config\Cache), false)
 9 FCPATH\index.php(79): CodeIgniter\CodeIgniter->run()
10 SYSTEMPATH\Commands\Server\rewrite.php(47): require_once('D:\\web2\\prak1\\public\\index.php')
CRITICAL - 2023-11-06 05:39:19 --> Undefined array key "kodebaju"
in APPPATH\Views\tampilquiz.php on line 17.
 1 APPPATH\Views\tampilquiz.php(17): CodeIgniter\Debug\Exceptions->errorHandler(2, 'Undefined array key "kodebaju"', 'D:\\web2\\prak1\\app\\Views\\tampilquiz.php', 17)
 2 SYSTEMPATH\View\View.php(226): include('D:\\web2\\prak1\\app\\Views\\tampilquiz.php')
 3 SYSTEMPATH\View\View.php(229): CodeIgniter\View\View->CodeIgniter\View\{closure}()
 4 SYSTEMPATH\Common.php(1188): CodeIgniter\View\View->render('tampilquiz', [], true)
 5 APPPATH\Controllers\Quiz.php(75): view('tampilquiz', [...])
 6 SYSTEMPATH\CodeIgniter.php(919): App\Controllers\Quiz->tampil()
 7 SYSTEMPATH\CodeIgniter.php(494): CodeIgniter\CodeIgniter->runController(Object(App\Controllers\Quiz))
 8 SYSTEMPATH\CodeIgniter.php(353): CodeIgniter\CodeIgniter->handleRequest(null, Object(Config\Cache), false)
 9 FCPATH\index.php(79): CodeIgniter\CodeIgniter->run()
10 SYSTEMPATH\Commands\Server\rewrite.php(47): require_once('D:\\web2\\prak1\\public\\index.php')
CRITICAL - 2023-11-06 05:40:51 --> Undefined array key "kodebaju"
in APPPATH\Views\tampilquiz.php on line 17.
 1 APPPATH\Views\tampilquiz.php(17): CodeIgniter\Debug\Exceptions->errorHandler(2, 'Undefined array key "kodebaju"', 'D:\\web2\\prak1\\app\\Views\\tampilquiz.php', 17)
 2 SYSTEMPATH\View\View.php(226): include('D:\\web2\\prak1\\app\\Views\\tampilquiz.php')
 3 SYSTEMPATH\View\View.php(229): CodeIgniter\View\View->CodeIgniter\View\{closure}()
 4 SYSTEMPATH\Common.php(1188): CodeIgniter\View\View->render('tampilquiz', [], true)
 5 APPPATH\Controllers\Quiz.php(75): view('tampilquiz', [...])
 6 SYSTEMPATH\CodeIgniter.php(919): App\Controllers\Quiz->tampil()
 7 SYSTEMPATH\CodeIgniter.php(494): CodeIgniter\CodeIgniter->runController(Object(App\Controllers\Quiz))
 8 SYSTEMPATH\CodeIgniter.php(353): CodeIgniter\CodeIgniter->handleRequest(null, Object(Config\Cache), false)
 9 FCPATH\index.php(79): CodeIgniter\CodeIgniter->run()
10 SYSTEMPATH\Commands\Server\rewrite.php(47): require_once('D:\\web2\\prak1\\public\\index.php')
CRITICAL - 2023-11-06 05:40:53 --> Undefined array key "kodebaju"
in APPPATH\Views\tampilquiz.php on line 17.
 1 APPPATH\Views\tampilquiz.php(17): CodeIgniter\Debug\Exceptions->errorHandler(2, 'Undefined array key "kodebaju"', 'D:\\web2\\prak1\\app\\Views\\tampilquiz.php', 17)
 2 SYSTEMPATH\View\View.php(226): include('D:\\web2\\prak1\\app\\Views\\tampilquiz.php')
 3 SYSTEMPATH\View\View.php(229): CodeIgniter\View\View->CodeIgniter\View\{closure}()
 4 SYSTEMPATH\Common.php(1188): CodeIgniter\View\View->render('tampilquiz', [], true)
 5 APPPATH\Controllers\Quiz.php(75): view('tampilquiz', [...])
 6 SYSTEMPATH\CodeIgniter.php(919): App\Controllers\Quiz->tampil()
 7 SYSTEMPATH\CodeIgniter.php(494): CodeIgniter\CodeIgniter->runController(Object(App\Controllers\Quiz))
 8 SYSTEMPATH\CodeIgniter.php(353): CodeIgniter\CodeIgniter->handleRequest(null, Object(Config\Cache), false)
 9 FCPATH\index.php(79): CodeIgniter\CodeIgniter->run()
10 SYSTEMPATH\Commands\Server\rewrite.php(47): require_once('D:\\web2\\prak1\\public\\index.php')
CRITICAL - 2023-11-06 05:40:56 --> Undefined array key "kodebaju"
in APPPATH\Views\tampilquiz.php on line 17.
 1 APPPATH\Views\tampilquiz.php(17): CodeIgniter\Debug\Exceptions->errorHandler(2, 'Undefined array key "kodebaju"', 'D:\\web2\\prak1\\app\\Views\\tampilquiz.php', 17)
 2 SYSTEMPATH\View\View.php(226): include('D:\\web2\\prak1\\app\\Views\\tampilquiz.php')
 3 SYSTEMPATH\View\View.php(229): CodeIgniter\View\View->CodeIgniter\View\{closure}()
 4 SYSTEMPATH\Common.php(1188): CodeIgniter\View\View->render('tampilquiz', [], true)
 5 APPPATH\Controllers\Quiz.php(75): view('tampilquiz', [...])
 6 SYSTEMPATH\CodeIgniter.php(919): App\Controllers\Quiz->tampil()
 7 SYSTEMPATH\CodeIgniter.php(494): CodeIgniter\CodeIgniter->runController(Object(App\Controllers\Quiz))
 8 SYSTEMPATH\CodeIgniter.php(353): CodeIgniter\CodeIgniter->handleRequest(null, Object(Config\Cache), false)
 9 FCPATH\index.php(79): CodeIgniter\CodeIgniter->run()
10 SYSTEMPATH\Commands\Server\rewrite.php(47): require_once('D:\\web2\\prak1\\public\\index.php')
CRITICAL - 2023-11-06 05:41:13 --> Undefined array key "kodebaju"
in APPPATH\Views\tampilquiz.php on line 17.
 1 APPPATH\Views\tampilquiz.php(17): CodeIgniter\Debug\Exceptions->errorHandler(2, 'Undefined array key "kodebaju"', 'D:\\web2\\prak1\\app\\Views\\tampilquiz.php', 17)
 2 SYSTEMPATH\View\View.php(226): include('D:\\web2\\prak1\\app\\Views\\tampilquiz.php')
 3 SYSTEMPATH\View\View.php(229): CodeIgniter\View\View->CodeIgniter\View\{closure}()
 4 SYSTEMPATH\Common.php(1188): CodeIgniter\View\View->render('tampilquiz', [], true)
 5 APPPATH\Controllers\Quiz.php(75): view('tampilquiz', [...])
 6 SYSTEMPATH\CodeIgniter.php(919): App\Controllers\Quiz->tampil()
 7 SYSTEMPATH\CodeIgniter.php(494): CodeIgniter\CodeIgniter->runController(Object(App\Controllers\Quiz))
 8 SYSTEMPATH\CodeIgniter.php(353): CodeIgniter\CodeIgniter->handleRequest(null, Object(Config\Cache), false)
 9 FCPATH\index.php(79): CodeIgniter\CodeIgniter->run()
10 SYSTEMPATH\Commands\Server\rewrite.php(47): require_once('D:\\web2\\prak1\\public\\index.php')
ERROR - 2023-11-06 07:06:27 --> mysqli_sql_exception: Unknown column 'jumlah' in 'field list' in D:\web2\prak1\system\Database\MySQLi\Connection.php:306
Stack trace:
#0 D:\web2\prak1\system\Database\MySQLi\Connection.php(306): mysqli->query('INSERT INTO `se...', 0)
#1 D:\web2\prak1\system\Database\BaseConnection.php(692): CodeIgniter\Database\MySQLi\Connection->execute('INSERT INTO `se...')
#2 D:\web2\prak1\system\Database\BaseConnection.php(606): CodeIgniter\Database\BaseConnection->simpleQuery('INSERT INTO `se...')
#3 D:\web2\prak1\system\Database\BaseBuilder.php(2308): CodeIgniter\Database\BaseConnection->query('INSERT INTO `se...', Array, false)
#4 D:\web2\prak1\app\Controllers\Quiz.php(56): CodeIgniter\Database\BaseBuilder->insert(Array)
#5 D:\web2\prak1\system\CodeIgniter.php(919): App\Controllers\Quiz->simpan()
#6 D:\web2\prak1\system\CodeIgniter.php(494): CodeIgniter\CodeIgniter->runController(Object(App\Controllers\Quiz))
#7 D:\web2\prak1\system\CodeIgniter.php(353): CodeIgniter\CodeIgniter->handleRequest(NULL, Object(Config\Cache), false)
#8 D:\web2\prak1\public\index.php(79): CodeIgniter\CodeIgniter->run()
#9 D:\web2\prak1\system\Commands\Server\rewrite.php(47): require_once('D:\\web2\\prak1\\p...')
#10 {main}
CRITICAL - 2023-11-06 07:06:27 --> Unknown column 'jumlah' in 'field list'
in SYSTEMPATH\Database\BaseConnection.php on line 646.
 1 SYSTEMPATH\Database\BaseBuilder.php(2308): CodeIgniter\Database\BaseConnection->query('INSERT INTO `sepeda` (`kodesepeda`, `jenis`, `hargasemua`, `jumlah`, `hargasatuan`) VALUES (:kodesepeda:, :jenis:, :hargasemua:, :jumlah:, :hargasatuan:)', [...], false)
 2 APPPATH\Controllers\Quiz.php(56): CodeIgniter\Database\BaseBuilder->insert([...])
 3 SYSTEMPATH\CodeIgniter.php(919): App\Controllers\Quiz->simpan()
 4 SYSTEMPATH\CodeIgniter.php(494): CodeIgniter\CodeIgniter->runController(Object(App\Controllers\Quiz))
 5 SYSTEMPATH\CodeIgniter.php(353): CodeIgniter\CodeIgniter->handleRequest(null, Object(Config\Cache), false)
 6 FCPATH\index.php(79): CodeIgniter\CodeIgniter->run()
 7 SYSTEMPATH\Commands\Server\rewrite.php(47): require_once('D:\\web2\\prak1\\public\\index.php')
ERROR - 2023-11-06 07:08:35 --> mysqli_sql_exception: Unknown column 'jumlah' in 'field list' in D:\web2\prak1\system\Database\MySQLi\Connection.php:306
Stack trace:
#0 D:\web2\prak1\system\Database\MySQLi\Connection.php(306): mysqli->query('INSERT INTO `se...', 0)
#1 D:\web2\prak1\system\Database\BaseConnection.php(692): CodeIgniter\Database\MySQLi\Connection->execute('INSERT INTO `se...')
#2 D:\web2\prak1\system\Database\BaseConnection.php(606): CodeIgniter\Database\BaseConnection->simpleQuery('INSERT INTO `se...')
#3 D:\web2\prak1\system\Database\BaseBuilder.php(2308): CodeIgniter\Database\BaseConnection->query('INSERT INTO `se...', Array, false)
#4 D:\web2\prak1\app\Controllers\Quiz.php(56): CodeIgniter\Database\BaseBuilder->insert(Array)
#5 D:\web2\prak1\system\CodeIgniter.php(919): App\Controllers\Quiz->simpan()
#6 D:\web2\prak1\system\CodeIgniter.php(494): CodeIgniter\CodeIgniter->runController(Object(App\Controllers\Quiz))
#7 D:\web2\prak1\system\CodeIgniter.php(353): CodeIgniter\CodeIgniter->handleRequest(NULL, Object(Config\Cache), false)
#8 D:\web2\prak1\public\index.php(79): CodeIgniter\CodeIgniter->run()
#9 D:\web2\prak1\system\Commands\Server\rewrite.php(47): require_once('D:\\web2\\prak1\\p...')
#10 {main}
CRITICAL - 2023-11-06 07:08:35 --> Unknown column 'jumlah' in 'field list'
in SYSTEMPATH\Database\BaseConnection.php on line 646.
 1 SYSTEMPATH\Database\BaseBuilder.php(2308): CodeIgniter\Database\BaseConnection->query('INSERT INTO `sepeda` (`kodesepeda`, `jenis`, `hargasemua`, `jumlah`, `hargasatuan`) VALUES (:kodesepeda:, :jenis:, :hargasemua:, :jumlah:, :hargasatuan:)', [...], false)
 2 APPPATH\Controllers\Quiz.php(56): CodeIgniter\Database\BaseBuilder->insert([...])
 3 SYSTEMPATH\CodeIgniter.php(919): App\Controllers\Quiz->simpan()
 4 SYSTEMPATH\CodeIgniter.php(494): CodeIgniter\CodeIgniter->runController(Object(App\Controllers\Quiz))
 5 SYSTEMPATH\CodeIgniter.php(353): CodeIgniter\CodeIgniter->handleRequest(null, Object(Config\Cache), false)
 6 FCPATH\index.php(79): CodeIgniter\CodeIgniter->run()
 7 SYSTEMPATH\Commands\Server\rewrite.php(47): require_once('D:\\web2\\prak1\\public\\index.php')
ERROR - 2023-11-06 07:10:39 --> mysqli_sql_exception: Unknown column 'jumlah' in 'field list' in D:\web2\prak1\system\Database\MySQLi\Connection.php:306
Stack trace:
#0 D:\web2\prak1\system\Database\MySQLi\Connection.php(306): mysqli->query('INSERT INTO `se...', 0)
#1 D:\web2\prak1\system\Database\BaseConnection.php(692): CodeIgniter\Database\MySQLi\Connection->execute('INSERT INTO `se...')
#2 D:\web2\prak1\system\Database\BaseConnection.php(606): CodeIgniter\Database\BaseConnection->simpleQuery('INSERT INTO `se...')
#3 D:\web2\prak1\system\Database\BaseBuilder.php(2308): CodeIgniter\Database\BaseConnection->query('INSERT INTO `se...', Array, false)
#4 D:\web2\prak1\app\Controllers\Quiz.php(56): CodeIgniter\Database\BaseBuilder->insert(Array)
#5 D:\web2\prak1\system\CodeIgniter.php(919): App\Controllers\Quiz->simpan()
#6 D:\web2\prak1\system\CodeIgniter.php(494): CodeIgniter\CodeIgniter->runController(Object(App\Controllers\Quiz))
#7 D:\web2\prak1\system\CodeIgniter.php(353): CodeIgniter\CodeIgniter->handleRequest(NULL, Object(Config\Cache), false)
#8 D:\web2\prak1\public\index.php(79): CodeIgniter\CodeIgniter->run()
#9 D:\web2\prak1\system\Commands\Server\rewrite.php(47): require_once('D:\\web2\\prak1\\p...')
#10 {main}
CRITICAL - 2023-11-06 07:10:39 --> Unknown column 'jumlah' in 'field list'
in SYSTEMPATH\Database\BaseConnection.php on line 646.
 1 SYSTEMPATH\Database\BaseBuilder.php(2308): CodeIgniter\Database\BaseConnection->query('INSERT INTO `sepeda` (`kodesepeda`, `jenis`, `hargasemua`, `jumlah`, `hargasatuan`) VALUES (:kodesepeda:, :jenis:, :hargasemua:, :jumlah:, :hargasatuan:)', [...], false)
 2 APPPATH\Controllers\Quiz.php(56): CodeIgniter\Database\BaseBuilder->insert([...])
 3 SYSTEMPATH\CodeIgniter.php(919): App\Controllers\Quiz->simpan()
 4 SYSTEMPATH\CodeIgniter.php(494): CodeIgniter\CodeIgniter->runController(Object(App\Controllers\Quiz))
 5 SYSTEMPATH\CodeIgniter.php(353): CodeIgniter\CodeIgniter->handleRequest(null, Object(Config\Cache), false)
 6 FCPATH\index.php(79): CodeIgniter\CodeIgniter->run()
 7 SYSTEMPATH\Commands\Server\rewrite.php(47): require_once('D:\\web2\\prak1\\public\\index.php')
ERROR - 2023-11-06 07:11:17 --> mysqli_sql_exception: Column 'kodesepeda' cannot be null in D:\web2\prak1\system\Database\MySQLi\Connection.php:306
Stack trace:
#0 D:\web2\prak1\system\Database\MySQLi\Connection.php(306): mysqli->query('INSERT INTO `se...', 0)
#1 D:\web2\prak1\system\Database\BaseConnection.php(692): CodeIgniter\Database\MySQLi\Connection->execute('INSERT INTO `se...')
#2 D:\web2\prak1\system\Database\BaseConnection.php(606): CodeIgniter\Database\BaseConnection->simpleQuery('INSERT INTO `se...')
#3 D:\web2\prak1\system\Database\BaseBuilder.php(2308): CodeIgniter\Database\BaseConnection->query('INSERT INTO `se...', Array, false)
#4 D:\web2\prak1\app\Controllers\Quiz.php(56): CodeIgniter\Database\BaseBuilder->insert(Array)
#5 D:\web2\prak1\system\CodeIgniter.php(919): App\Controllers\Quiz->simpan()
#6 D:\web2\prak1\system\CodeIgniter.php(494): CodeIgniter\CodeIgniter->runController(Object(App\Controllers\Quiz))
#7 D:\web2\prak1\system\CodeIgniter.php(353): CodeIgniter\CodeIgniter->handleRequest(NULL, Object(Config\Cache), false)
#8 D:\web2\prak1\public\index.php(79): CodeIgniter\CodeIgniter->run()
#9 D:\web2\prak1\system\Commands\Server\rewrite.php(47): require_once('D:\\web2\\prak1\\p...')
#10 {main}
CRITICAL - 2023-11-06 07:11:17 --> Column 'kodesepeda' cannot be null
in SYSTEMPATH\Database\BaseConnection.php on line 646.
 1 SYSTEMPATH\Database\BaseBuilder.php(2308): CodeIgniter\Database\BaseConnection->query('INSERT INTO `sepeda` (`kodesepeda`, `jenis`, `hargasemua`, `jumlahbeli`, `hargasatuan`) VALUES (:kodesepeda:, :jenis:, :hargasemua:, :jumlahbeli:, :hargasatuan:)', [...], false)
 2 APPPATH\Controllers\Quiz.php(56): CodeIgniter\Database\BaseBuilder->insert([...])
 3 SYSTEMPATH\CodeIgniter.php(919): App\Controllers\Quiz->simpan()
 4 SYSTEMPATH\CodeIgniter.php(494): CodeIgniter\CodeIgniter->runController(Object(App\Controllers\Quiz))
 5 SYSTEMPATH\CodeIgniter.php(353): CodeIgniter\CodeIgniter->handleRequest(null, Object(Config\Cache), false)
 6 FCPATH\index.php(79): CodeIgniter\CodeIgniter->run()
 7 SYSTEMPATH\Commands\Server\rewrite.php(47): require_once('D:\\web2\\prak1\\public\\index.php')
ERROR - 2023-11-06 07:42:24 --> mysqli_sql_exception: Duplicate entry 'S001' for key 'PRIMARY' in D:\web2\prak1\system\Database\MySQLi\Connection.php:306
Stack trace:
#0 D:\web2\prak1\system\Database\MySQLi\Connection.php(306): mysqli->query('INSERT INTO `se...', 0)
#1 D:\web2\prak1\system\Database\BaseConnection.php(692): CodeIgniter\Database\MySQLi\Connection->execute('INSERT INTO `se...')
#2 D:\web2\prak1\system\Database\BaseConnection.php(606): CodeIgniter\Database\BaseConnection->simpleQuery('INSERT INTO `se...')
#3 D:\web2\prak1\system\Database\BaseBuilder.php(2308): CodeIgniter\Database\BaseConnection->query('INSERT INTO `se...', Array, false)
#4 D:\web2\prak1\app\Controllers\Quiz.php(56): CodeIgniter\Database\BaseBuilder->insert(Array)
#5 D:\web2\prak1\system\CodeIgniter.php(919): App\Controllers\Quiz->simpan()
#6 D:\web2\prak1\system\CodeIgniter.php(494): CodeIgniter\CodeIgniter->runController(Object(App\Controllers\Quiz))
#7 D:\web2\prak1\system\CodeIgniter.php(353): CodeIgniter\CodeIgniter->handleRequest(NULL, Object(Config\Cache), false)
#8 D:\web2\prak1\public\index.php(79): CodeIgniter\CodeIgniter->run()
#9 D:\web2\prak1\system\Commands\Server\rewrite.php(47): require_once('D:\\web2\\prak1\\p...')
#10 {main}
CRITICAL - 2023-11-06 07:42:24 --> Duplicate entry 'S001' for key 'PRIMARY'
in SYSTEMPATH\Database\BaseConnection.php on line 646.
 1 SYSTEMPATH\Database\BaseBuilder.php(2308): CodeIgniter\Database\BaseConnection->query('INSERT INTO `sepeda` (`kodesepeda`, `jenis`, `hargasemua`, `jumlahbeli`, `hargasatuan`) VALUES (:kodesepeda:, :jenis:, :hargasemua:, :jumlahbeli:, :hargasatuan:)', [...], false)
 2 APPPATH\Controllers\Quiz.php(56): CodeIgniter\Database\BaseBuilder->insert([...])
 3 SYSTEMPATH\CodeIgniter.php(919): App\Controllers\Quiz->simpan()
 4 SYSTEMPATH\CodeIgniter.php(494): CodeIgniter\CodeIgniter->runController(Object(App\Controllers\Quiz))
 5 SYSTEMPATH\CodeIgniter.php(353): CodeIgniter\CodeIgniter->handleRequest(null, Object(Config\Cache), false)
 6 FCPATH\index.php(79): CodeIgniter\CodeIgniter->run()
 7 SYSTEMPATH\Commands\Server\rewrite.php(47): require_once('D:\\web2\\prak1\\public\\index.php')
